TN:
SF:/home/todd/rust-bio/benches/pairhmm.rs
FNF:0
DA:31,0
DA:32,0
DA:33,0
DA:35,0
DA:39,0
DA:40,0
DA:43,0
DA:44,0
DA:47,0
DA:48,0
DA:51,0
DA:52,0
DA:59,0
DA:60,0
DA:63,0
DA:64,0
DA:67,0
DA:68,0
DA:71,0
DA:72,0
DA:79,0
DA:80,0
DA:83,0
DA:84,0
LF:24
LH:0
end_of_record
TN:
SF:/home/todd/rust-bio/src/alignment/distance.rs
FN:27,hamming
FN:61,levenshtein
FN:125,hamming
FN:160,levenshtein
FN:189,bounded_levenshtein
FN:201,test_hamming_dist_good
FN:211,test_simd_hamming_dist_good
FN:224,test_hamming_dist_bad
FN:234,test_simd_hamming_dist_bad
FN:241,test_levenshtein_dist
FN:254,test_simd_levenshtein_dist
FN:267,test_simd_bounded_levenshtein_dist
FNF:12
FNDA:1,hamming
FNDA:1,levenshtein
FNDA:1,hamming
FNDA:1,levenshtein
FNDA:1,bounded_levenshtein
FNDA:3,test_hamming_dist_good
FNDA:3,test_simd_hamming_dist_good
FNDA:3,test_hamming_dist_bad
FNDA:3,test_simd_hamming_dist_bad
FNDA:3,test_levenshtein_dist
FNDA:3,test_simd_levenshtein_dist
FNDA:3,test_simd_bounded_levenshtein_dist
DA:27,1
DA:28,3
DA:29,1
DA:30,1
DA:32,1
DA:33,1
DA:35,1
DA:36,4
DA:37,2
DA:38,1
DA:61,1
DA:62,1
DA:63,1
DA:64,1
DA:66,5
DA:67,1
DA:70,4
DA:71,1
DA:72,1
DA:74,2
DA:75,3
DA:76,1
DA:77,1
DA:78,2
DA:82,2
DA:85,2
DA:125,1
DA:126,3
DA:127,1
DA:128,1
DA:130,1
DA:131,1
DA:134,2
DA:160,1
DA:161,1
DA:189,1
DA:190,1
DA:201,3
DA:202,1
DA:203,1
DA:207,1
DA:211,3
DA:212,1
DA:213,1
DA:217,1
DA:224,3
DA:225,1
DA:226,1
DA:227,1
DA:234,3
DA:235,1
DA:236,1
DA:237,1
DA:241,3
DA:242,1
DA:243,1
DA:247,1
DA:248,2
DA:249,2
DA:250,2
DA:254,3
DA:255,1
DA:256,1
DA:260,1
DA:261,2
DA:262,2
DA:263,2
DA:267,3
DA:268,1
DA:269,1
DA:273,1
DA:274,1
DA:275,1
DA:276,1
DA:278,1
DA:279,1
DA:282,1
DA:283,1
LF:78
LH:78
end_of_record
TN:
SF:/home/todd/rust-bio/src/alignment/pairwise/banded.rs
FN:1414,compare_to_full_alignment_local
FN:1415,{{closure}}
FN:1428,compare_to_full_alignment_global
FN:1429,{{closure}}
FN:1442,compare_to_full_alignment_semiglobal
FN:1443,{{closure}}
FN:1462,test_band_add_entry
FN:1594,compare_add_kmer_and_add_entry
FN:1606,test_band_add_kmer
FN:1613,test_same
FN:1624,test_big
FN:1646,test_deletion
FN:1655,test_insertion
FN:1664,test_substitutions
FN:1673,test_overhangs1
FN:1682,test_overhangs2
FN:1691,test_overhangs3
FN:1700,test_overhangs4
FN:1709,test_overhangs5
FN:1719,test_band_starts_inside
FN:1728,test_band_ends_inside
FN:1737,test_band_is_fully_inside
FN:1759,test_semiglobal
FN:1762,{{closure}}
FN:1775,test_semiglobal_gap_open_lt_mismatch
FN:1778,{{closure}}
FN:1790,test_global_affine_ins
FN:1793,{{closure}}
FN:1805,test_local_empty
FN:1808,{{closure}}
FN:1818,test_global_affine_ins2
FN:1821,{{closure}}
FN:1836,test_local_affine_ins2
FN:1839,{{closure}}
FN:1847,test_local
FN:1850,{{closure}}
FN:1862,test_global
FN:1865,{{closure}}
FN:1879,test_blosum62
FN:1892,test_issue11
FN:1895,{{closure}}
FN:1907,test_issue12_1
FN:1910,{{closure}}
FN:1922,test_issue12_2
FN:1925,{{closure}}
FN:1938,test_issue12_3
FN:1941,{{closure}}
FN:1965,test_left_aligned_del
FN:1968,{{closure}}
FN:1987,test_global_right_del
FN:1991,{{closure}}
FN:2011,test_left_aligned_ins
FN:2014,{{closure}}
FN:2031,test_aligner_new
FN:2034,{{closure}}
FN:2063,test_semiglobal_simple
FN:2067,{{closure}}
FN:2078,test_insert_only_semiglobal
FN:2082,{{closure}}
FN:2090,test_insert_in_between_semiglobal
FN:2094,{{closure}}
FN:2105,test_xclip_prefix_custom
FN:2109,{{closure}}
FN:2119,test_yclip_prefix_custom
FN:2123,{{closure}}
FN:2133,test_xclip_suffix_custom
FN:2137,{{closure}}
FN:2147,test_yclip_suffix_custom
FN:2151,{{closure}}
FN:2161,test_longer_string_all_operations
FN:2165,{{closure}}
FN:2176,test_yclip_suffix_only
FN:2192,test_yclip_prefix_only
FN:2208,test_traceback_outside_band
FN:2226,test_deletions_ouside_band
FN:2269,test_insertion_ouside_band
FN:2318,test_insertion_after_clip
FN:2338,test_only_clips
FN:2357,test_zero_score_clips
FNF:79
FNDA:1,compare_to_full_alignment_local
FNDA:2,{{closure}}
FNDA:1,compare_to_full_alignment_global
FNDA:2,{{closure}}
FNDA:1,compare_to_full_alignment_semiglobal
FNDA:2,{{closure}}
FNDA:3,test_band_add_entry
FNDA:1,compare_add_kmer_and_add_entry
FNDA:3,test_band_add_kmer
FNDA:3,test_same
FNDA:3,test_big
FNDA:3,test_deletion
FNDA:3,test_insertion
FNDA:3,test_substitutions
FNDA:3,test_overhangs1
FNDA:3,test_overhangs2
FNDA:3,test_overhangs3
FNDA:3,test_overhangs4
FNDA:3,test_overhangs5
FNDA:3,test_band_starts_inside
FNDA:3,test_band_ends_inside
FNDA:3,test_band_is_fully_inside
FNDA:3,test_semiglobal
FNDA:2,{{closure}}
FNDA:3,test_semiglobal_gap_open_lt_mismatch
FNDA:2,{{closure}}
FNDA:3,test_global_affine_ins
FNDA:2,{{closure}}
FNDA:3,test_local_empty
FNDA:2,{{closure}}
FNDA:3,test_global_affine_ins2
FNDA:2,{{closure}}
FNDA:3,test_local_affine_ins2
FNDA:2,{{closure}}
FNDA:3,test_local
FNDA:2,{{closure}}
FNDA:3,test_global
FNDA:2,{{closure}}
FNDA:3,test_blosum62
FNDA:3,test_issue11
FNDA:2,{{closure}}
FNDA:3,test_issue12_1
FNDA:2,{{closure}}
FNDA:3,test_issue12_2
FNDA:2,{{closure}}
FNDA:3,test_issue12_3
FNDA:2,{{closure}}
FNDA:3,test_left_aligned_del
FNDA:2,{{closure}}
FNDA:3,test_global_right_del
FNDA:2,{{closure}}
FNDA:3,test_left_aligned_ins
FNDA:2,{{closure}}
FNDA:3,test_aligner_new
FNDA:2,{{closure}}
FNDA:3,test_semiglobal_simple
FNDA:2,{{closure}}
FNDA:3,test_insert_only_semiglobal
FNDA:2,{{closure}}
FNDA:3,test_insert_in_between_semiglobal
FNDA:2,{{closure}}
FNDA:3,test_xclip_prefix_custom
FNDA:2,{{closure}}
FNDA:3,test_yclip_prefix_custom
FNDA:2,{{closure}}
FNDA:3,test_xclip_suffix_custom
FNDA:2,{{closure}}
FNDA:3,test_yclip_suffix_custom
FNDA:2,{{closure}}
FNDA:3,test_longer_string_all_operations
FNDA:2,{{closure}}
FNDA:3,test_yclip_suffix_only
FNDA:3,test_yclip_prefix_only
FNDA:3,test_traceback_outside_band
FNDA:3,test_deletions_ouside_band
FNDA:3,test_insertion_ouside_band
FNDA:3,test_insertion_after_clip
FNDA:3,test_only_clips
FNDA:3,test_zero_score_clips
DA:139,4
DA:141,0
DA:142,0
DA:143,0
DA:144,0
DA:145,0
DA:146,0
DA:147,0
DA:163,23
DA:173,23
DA:174,69
DA:175,46
DA:176,46
DA:177,23
DA:178,23
DA:179,23
DA:180,23
DA:181,23
DA:197,6
DA:204,6
DA:205,6
DA:206,6
DA:207,6
DA:210,6
DA:211,6
DA:214,6
DA:215,6
DA:218,6
DA:219,6
DA:224,6
DA:225,12
DA:226,12
DA:227,12
DA:228,6
DA:229,6
DA:230,6
DA:231,6
DA:248,6
DA:250,0
DA:251,0
DA:252,6
DA:253,0
DA:254,0
DA:261,0
DA:262,0
DA:271,29
DA:272,29
DA:273,29
DA:283,1
DA:289,1
DA:290,1
DA:302,0
DA:308,0
DA:309,0
DA:327,0
DA:335,0
DA:336,0
DA:337,0
DA:340,0
DA:341,0
DA:342,0
DA:343,0
DA:345,0
DA:346,0
DA:347,0
DA:348,0
DA:349,0
DA:350,0
DA:352,0
DA:353,0
DA:354,0
DA:355,0
DA:356,0
DA:357,0
DA:358,0
DA:359,0
DA:362,0
DA:365,0
DA:380,0
DA:387,0
DA:388,0
DA:389,0
DA:395,29
DA:396,29
DA:398,0
DA:399,0
DA:400,0
DA:401,0
DA:402,0
DA:403,0
DA:404,0
DA:405,0
DA:406,0
DA:407,0
DA:411,58
DA:412,29
DA:414,87
DA:415,29
DA:416,29
DA:417,29
DA:418,29
DA:419,29
DA:420,29
DA:422,29
DA:423,29
DA:424,29
DA:425,29
DA:426,29
DA:427,29
DA:431,29
DA:432,29
DA:433,29
DA:434,60
DA:435,58
DA:438,116
DA:439,29
DA:440,29
DA:441,58
DA:442,58
DA:443,0
DA:446,29
DA:447,58
DA:449,62
DA:450,24
DA:451,0
DA:453,18
DA:454,0
DA:458,81
DA:459,0
DA:462,58
DA:463,29
DA:464,0
DA:467,39
DA:468,10
DA:469,0
DA:473,39
DA:474,10
DA:475,10
DA:476,10
DA:479,29
DA:482,72
DA:483,7
DA:484,7
DA:487,58
DA:488,7
DA:491,59
DA:492,1
DA:493,1
DA:495,58
DA:496,29
DA:497,29
DA:501,116
DA:502,29
DA:503,29
DA:505,58
DA:506,29
DA:508,65
DA:510,29
DA:511,29
DA:513,58
DA:514,58
DA:515,0
DA:518,29
DA:519,58
DA:520,0
DA:521,61
DA:522,14
DA:523,0
DA:525,36
DA:526,0
DA:530,89
DA:531,12
DA:532,0
DA:534,38
DA:535,0
DA:539,58
DA:540,0
DA:541,0
DA:542,0
DA:544,29
DA:547,72
DA:548,7
DA:549,7
DA:550,7
DA:552,58
DA:554,29
DA:555,58
DA:556,29
DA:557,58
DA:558,29
DA:560,29
DA:562,29
DA:565,116
DA:566,29
DA:567,29
DA:569,29
DA:571,58
DA:572,58
DA:573,0
DA:574,85
DA:575,27
DA:576,0
DA:578,29
DA:579,58
DA:581,58
DA:582,29
DA:583,0
DA:584,73
DA:585,15
DA:586,0
DA:590,29
DA:591,58
DA:592,0
DA:593,84
DA:594,26
DA:595,0
DA:597,29
DA:598,58
DA:601,87
DA:602,0
DA:604,58
DA:606,58
DA:608,58
DA:609,29
DA:610,29
DA:613,50
DA:614,21
DA:615,0
DA:618,49
DA:619,20
DA:620,0
DA:623,38
DA:624,9
DA:625,0
DA:628,58
DA:629,0
DA:630,29
DA:631,60
DA:632,2
DA:633,0
DA:636,29
DA:637,29
DA:638,29
DA:641,55
DA:642,26
DA:643,26
DA:644,26
DA:648,56
DA:649,27
DA:650,27
DA:651,27
DA:654,29
DA:658,63
DA:659,5
DA:660,5
DA:661,5
DA:663,29
DA:664,7
DA:665,7
DA:668,43
DA:669,7
DA:670,7
DA:671,7
DA:676,116
DA:677,29
DA:678,29
DA:681,29
DA:682,7
DA:684,45
DA:685,16
DA:686,16
DA:688,33
DA:689,4
DA:690,4
DA:691,4
DA:697,116
DA:698,29
DA:699,29
DA:700,29
DA:701,58
DA:702,0
DA:703,0
DA:704,0
DA:706,29
DA:707,0
DA:708,0
DA:709,0
DA:710,0
DA:711,0
DA:712,0
DA:717,116
DA:718,29
DA:719,60
DA:720,12
DA:722,19
DA:724,58
DA:725,29
DA:726,30
DA:727,1
DA:728,1
DA:730,29
DA:731,0
DA:732,0
DA:733,0
DA:738,116
DA:739,29
DA:740,60
DA:741,21
DA:743,10
DA:745,58
DA:746,29
DA:747,30
DA:748,1
DA:749,1
DA:751,29
DA:752,0
DA:753,0
DA:754,0
DA:759,29
DA:760,29
DA:761,58
DA:762,29
DA:763,29
DA:764,29
DA:765,29
DA:767,87
DA:769,29
DA:770,0
DA:771,91
DA:772,29
DA:773,0
DA:774,16
DA:775,48
DA:776,16
DA:778,0
DA:779,9
DA:780,27
DA:781,9
DA:783,0
DA:784,27
DA:785,54
DA:786,27
DA:787,54
DA:789,0
DA:790,13
DA:791,26
DA:792,13
DA:793,26
DA:795,0
DA:796,7
DA:797,7
DA:798,7
DA:799,21
DA:801,0
DA:802,10
DA:803,5
DA:804,5
DA:805,15
DA:807,0
DA:808,14
DA:809,14
DA:810,14
DA:811,42
DA:813,0
DA:814,8
DA:815,8
DA:816,8
DA:817,24
DA:819,0
DA:821,29
DA:826,58
DA:828,1
DA:829,1
DA:830,1
DA:831,1
DA:833,0
DA:834,0
DA:837,58
DA:839,1
DA:840,1
DA:841,1
DA:842,1
DA:844,0
DA:845,0
DA:849,58
DA:851,29
DA:864,10
DA:866,10
DA:867,10
DA:868,10
DA:869,10
DA:870,10
DA:874,10
DA:875,10
DA:876,10
DA:877,10
DA:880,10
DA:881,10
DA:884,10
DA:885,10
DA:886,10
DA:887,10
DA:889,0
DA:893,10
DA:895,10
DA:896,10
DA:897,10
DA:898,10
DA:899,10
DA:903,10
DA:904,10
DA:905,10
DA:906,10
DA:909,10
DA:910,10
DA:913,10
DA:916,10
DA:917,10
DA:918,10
DA:919,10
DA:921,0
DA:930,1
DA:937,1
DA:938,1
DA:939,1
DA:940,1
DA:941,1
DA:945,1
DA:946,1
DA:947,1
DA:948,1
DA:951,1
DA:952,1
DA:955,1
DA:958,1
DA:959,1
DA:960,1
DA:961,1
DA:963,0
DA:967,5
DA:969,5
DA:970,5
DA:971,5
DA:972,5
DA:973,5
DA:977,5
DA:978,5
DA:979,5
DA:980,5
DA:983,5
DA:984,5
DA:987,5
DA:990,5
DA:991,5
DA:992,5
DA:993,5
DA:995,0
DA:999,2
DA:1001,2
DA:1002,6
DA:1003,8
DA:1004,2
DA:1005,6
DA:1006,2
DA:1011,2
DA:1012,6
DA:1013,2
DA:1016,6
DA:1017,6
DA:1018,2
DA:1020,4
DA:1030,1
DA:1031,1
DA:1032,2
DA:1033,1
DA:1053,1
DA:1055,1
DA:1056,1
DA:1057,2
DA:1063,1
DA:1064,1
DA:1066,1
DA:1067,2
DA:1069,1
DA:1070,0
DA:1073,1
DA:1074,3
DA:1075,1
DA:1078,1
DA:1079,3
DA:1080,1
DA:1081,1
DA:1084,2
DA:1085,3
DA:1086,2
DA:1087,2
DA:1088,0
DA:1090,2
DA:1091,2
DA:1092,2
DA:1095,1
DA:1096,4
DA:1097,1
DA:1103,1
DA:1104,1
DA:1106,1
DA:1107,1
DA:1108,3
DA:1109,1
DA:1110,1
DA:1115,1
DA:1116,1
DA:1117,2
DA:1118,3
DA:1119,3
DA:1120,1
DA:1121,1
DA:1124,4
DA:1125,1
DA:1126,1
DA:1142,8
DA:1150,8
DA:1154,8
DA:1155,13
DA:1156,7
DA:1157,7
DA:1159,11
DA:1162,8
DA:1163,4
DA:1166,4
DA:1168,4
DA:1169,4
DA:1171,4
DA:1172,0
DA:1178,11
DA:1180,10
DA:1182,3
DA:1183,3
DA:1186,10
DA:1187,3
DA:1188,3
DA:1190,3
DA:1191,3
DA:1192,3
DA:1194,3
DA:1195,8
DA:1196,3
DA:1200,5
DA:1207,16
DA:1208,8
DA:1209,8
DA:1210,16
DA:1211,16
DA:1212,0
DA:1214,8
DA:1216,24
DA:1217,0
DA:1219,8
DA:1222,8
DA:1224,6
DA:1225,3
DA:1227,3
DA:1228,6
DA:1229,6
DA:1230,3
DA:1231,6
DA:1232,3
DA:1238,6
DA:1239,12
DA:1240,12
DA:1242,11
DA:1244,3
DA:1246,3
DA:1249,11
DA:1250,3
DA:1251,3
DA:1253,3
DA:1254,6
DA:1255,6
DA:1256,3
DA:1257,6
DA:1258,3
DA:1262,5
DA:1263,5
DA:1264,5
DA:1270,29
DA:1277,29
DA:1278,29
DA:1281,1
DA:1289,1
DA:1290,1
DA:1293,29
DA:1301,29
DA:1302,22
DA:1303,22
DA:1304,22
DA:1307,7
DA:1308,9
DA:1309,7
DA:1313,8
DA:1314,0
DA:1315,8
DA:1316,8
DA:1317,8
DA:1319,8
DA:1322,8
DA:1331,8
DA:1333,8
DA:1334,0
DA:1335,0
DA:1338,16
DA:1339,16
DA:1342,16
DA:1343,8
DA:1345,24
DA:1346,8
DA:1347,31
DA:1348,7
DA:1349,7
DA:1351,21
DA:1352,10
DA:1354,8
DA:1356,8
DA:1358,8
DA:1361,1
DA:1362,1
DA:1363,1
DA:1366,1
DA:1367,1
DA:1368,3
DA:1369,2
DA:1371,0
DA:1375,0
DA:1376,0
DA:1377,0
DA:1378,0
DA:1379,0
DA:1380,0
DA:1381,0
DA:1385,0
DA:1386,0
DA:1387,0
DA:1389,0
DA:1394,1
DA:1395,1
DA:1396,1
DA:1397,1
DA:1398,1
DA:1400,0
DA:1414,1
DA:1415,2
DA:1417,1
DA:1419,1
DA:1422,3
DA:1423,1
DA:1425,2
DA:1428,1
DA:1429,2
DA:1431,1
DA:1433,1
DA:1434,1
DA:1436,2
DA:1437,1
DA:1439,2
DA:1442,1
DA:1443,2
DA:1445,1
DA:1447,1
DA:1448,1
DA:1450,2
DA:1451,1
DA:1454,2
DA:1456,1
DA:1457,1
DA:1458,2
DA:1462,3
DA:1463,1
DA:1464,1
DA:1465,2
DA:1481,1
DA:1482,1
DA:1498,1
DA:1499,1
DA:1516,1
DA:1517,1
DA:1518,2
DA:1535,1
DA:1536,1
DA:1537,2
DA:1554,1
DA:1555,1
DA:1556,2
DA:1573,1
DA:1574,1
DA:1575,2
DA:1591,1
DA:1594,1
DA:1595,1
DA:1596,1
DA:1598,1
DA:1599,4
DA:1600,1
DA:1602,2
DA:1606,3
DA:1607,1
DA:1608,1
DA:1609,1
DA:1613,3
DA:1614,1
DA:1617,1
DA:1618,1
DA:1619,1
DA:1620,1
DA:1624,3
DA:1625,1
DA:1631,1
DA:1640,1
DA:1646,3
DA:1647,1
DA:1648,1
DA:1649,1
DA:1650,1
DA:1651,1
DA:1655,3
DA:1656,1
DA:1657,1
DA:1658,1
DA:1659,1
DA:1660,1
DA:1664,3
DA:1665,1
DA:1666,1
DA:1667,1
DA:1668,1
DA:1669,1
DA:1673,3
DA:1674,1
DA:1675,1
DA:1676,1
DA:1677,1
DA:1678,1
DA:1682,3
DA:1683,1
DA:1684,1
DA:1685,1
DA:1686,1
DA:1687,1
DA:1691,3
DA:1692,1
DA:1693,1
DA:1694,1
DA:1695,1
DA:1696,1
DA:1700,3
DA:1701,1
DA:1702,1
DA:1703,1
DA:1704,1
DA:1705,1
DA:1709,3
DA:1710,1
DA:1711,1
DA:1713,1
DA:1714,1
DA:1715,1
DA:1719,3
DA:1720,1
DA:1721,1
DA:1722,1
DA:1723,1
DA:1724,1
DA:1728,3
DA:1729,1
DA:1730,1
DA:1731,1
DA:1732,1
DA:1733,1
DA:1737,3
DA:1738,1
DA:1740,1
DA:1742,1
DA:1743,1
DA:1744,1
DA:1759,3
DA:1760,1
DA:1761,1
DA:1762,2
DA:1763,1
DA:1764,1
DA:1765,1
DA:1766,1
DA:1767,2
DA:1775,3
DA:1776,1
DA:1777,1
DA:1778,2
DA:1779,1
DA:1780,1
DA:1781,1
DA:1782,1
DA:1783,2
DA:1790,3
DA:1791,1
DA:1792,1
DA:1793,2
DA:1794,1
DA:1795,1
DA:1797,3
DA:1798,1
DA:1805,3
DA:1806,1
DA:1807,1
DA:1808,2
DA:1809,1
DA:1810,1
DA:1812,3
DA:1813,1
DA:1814,2
DA:1818,3
DA:1819,1
DA:1820,1
DA:1821,2
DA:1822,1
DA:1823,1
DA:1825,3
DA:1827,1
DA:1828,2
DA:1829,1
DA:1830,1
DA:1832,1
DA:1836,3
DA:1837,1
DA:1838,1
DA:1839,2
DA:1840,1
DA:1841,1
DA:1842,1
DA:1843,1
DA:1847,3
DA:1848,1
DA:1849,1
DA:1850,2
DA:1851,1
DA:1852,1
DA:1853,1
DA:1854,1
DA:1855,2
DA:1862,3
DA:1863,1
DA:1864,1
DA:1865,2
DA:1866,1
DA:1867,1
DA:1869,3
DA:1870,1
DA:1871,1
DA:1872,2
DA:1879,3
DA:1880,1
DA:1881,1
DA:1882,1
DA:1883,1
DA:1884,1
DA:1885,1
DA:1886,1
DA:1887,1
DA:1888,2
DA:1892,3
DA:1893,1
DA:1894,1
DA:1895,2
DA:1896,1
DA:1897,1
DA:1898,1
DA:1899,1
DA:1900,2
DA:1907,3
DA:1908,1
DA:1909,1
DA:1910,2
DA:1911,1
DA:1912,1
DA:1913,1
DA:1914,1
DA:1915,2
DA:1922,3
DA:1923,1
DA:1924,1
DA:1925,2
DA:1926,1
DA:1927,1
DA:1928,1
DA:1929,1
DA:1931,2
DA:1938,3
DA:1939,1
DA:1940,1
DA:1941,2
DA:1942,1
DA:1943,1
DA:1945,1
DA:1946,2
DA:1954,2
DA:1955,1
DA:1957,1
DA:1958,2
DA:1965,3
DA:1966,1
DA:1967,1
DA:1968,2
DA:1969,1
DA:1970,1
DA:1971,3
DA:1973,1
DA:1974,1
DA:1975,2
DA:1987,3
DA:1988,1
DA:1989,1
DA:1991,2
DA:1992,1
DA:1993,1
DA:1995,3
DA:1997,1
DA:1998,1
DA:1999,1
DA:2000,1
DA:2001,2
DA:2011,3
DA:2012,1
DA:2013,1
DA:2014,2
DA:2015,1
DA:2016,1
DA:2017,3
DA:2019,1
DA:2020,1
DA:2021,2
DA:2031,3
DA:2032,1
DA:2033,1
DA:2034,2
DA:2035,1
DA:2037,1
DA:2038,1
DA:2039,1
DA:2040,2
DA:2045,1
DA:2046,1
DA:2047,1
DA:2048,2
DA:2053,1
DA:2054,1
DA:2055,1
DA:2056,2
DA:2063,3
DA:2064,1
DA:2065,1
DA:2067,2
DA:2068,1
DA:2069,1
DA:2071,2
DA:2078,3
DA:2079,1
DA:2080,1
DA:2082,2
DA:2083,1
DA:2084,1
DA:2086,2
DA:2090,3
DA:2091,1
DA:2092,1
DA:2094,2
DA:2095,1
DA:2096,1
DA:2098,2
DA:2105,3
DA:2106,1
DA:2107,1
DA:2109,2
DA:2110,1
DA:2112,1
DA:2113,1
DA:2115,2
DA:2119,3
DA:2120,1
DA:2121,1
DA:2123,2
DA:2124,1
DA:2126,1
DA:2127,1
DA:2129,2
DA:2133,3
DA:2134,1
DA:2135,1
DA:2137,2
DA:2138,1
DA:2140,1
DA:2141,1
DA:2143,2
DA:2147,3
DA:2148,1
DA:2149,1
DA:2151,2
DA:2152,1
DA:2154,1
DA:2155,1
DA:2157,2
DA:2161,3
DA:2162,1
DA:2163,1
DA:2165,2
DA:2166,1
DA:2168,1
DA:2169,1
DA:2171,3
DA:2172,1
DA:2176,3
DA:2177,1
DA:2178,1
DA:2179,1
DA:2186,1
DA:2187,1
DA:2188,1
DA:2192,3
DA:2193,1
DA:2194,1
DA:2195,1
DA:2202,1
DA:2203,1
DA:2204,1
DA:2208,3
DA:2209,1
DA:2210,1
DA:2211,1
DA:2218,1
DA:2219,1
DA:2220,1
DA:2221,1
DA:2222,1
DA:2226,3
DA:2227,1
DA:2228,1
DA:2229,1
DA:2237,1
DA:2238,1
DA:2239,1
DA:2240,1
DA:2241,1
DA:2242,2
DA:2269,3
DA:2270,1
DA:2271,1
DA:2273,1
DA:2282,1
DA:2283,1
DA:2284,1
DA:2285,1
DA:2286,1
DA:2287,2
DA:2318,3
DA:2319,1
DA:2320,1
DA:2322,1
DA:2330,1
DA:2331,1
DA:2332,1
DA:2333,1
DA:2334,1
DA:2338,3
DA:2339,1
DA:2340,1
DA:2341,1
DA:2349,1
DA:2350,1
DA:2351,1
DA:2352,1
DA:2353,1
DA:2357,3
DA:2358,1
DA:2359,1
DA:2360,1
DA:2361,1
DA:2363,1
DA:2370,1
DA:2371,1
DA:2372,1
DA:2381,1
DA:2382,1
DA:2383,1
DA:2392,1
DA:2393,1
DA:2394,1
DA:2403,1
DA:2404,1
DA:2405,1
LF:1096
LH:961
end_of_record
TN:
SF:/home/todd/rust-bio/src/alignment/pairwise/mod.rs
FN:187,new
FN:199,score
FN:246,from_scores
FN:1017,default
FN:1101,set_all
FN:1116,with_capacity
FN:1126,init
FN:1148,get_mut
FN:1154,resize
FN:1168,{{closure}}
FN:1194,{{closure}}
FN:1197,{{closure}}
FN:1210,{{closure}}
FN:1213,{{closure}}
FN:1225,{{closure}}
FN:1228,{{closure}}
FN:1240,{{closure}}
FN:1243,{{closure}}
FN:1258,{{closure}}
FN:1261,{{closure}}
FN:1269,{{closure}}
FN:1272,{{closure}}
FN:1284,{{closure}}
FN:1287,{{closure}}
FN:1301,{{closure}}
FN:1314,{{closure}}
FN:1331,{{closure}}
FN:1334,{{closure}}
FN:1346,{{closure}}
FN:1349,{{closure}}
FN:1361,{{closure}}
FN:1364,{{closure}}
FN:1377,{{closure}}
FN:1380,{{closure}}
FN:1404,{{closure}}
FN:1407,{{closure}}
FN:1426,{{closure}}
FN:1430,{{closure}}
FN:1450,{{closure}}
FN:1453,{{closure}}
FN:1470,{{closure}}
FN:1473,{{closure}}
FN:1502,{{closure}}
FN:1506,{{closure}}
FN:1517,{{closure}}
FN:1521,{{closure}}
FN:1529,{{closure}}
FN:1533,{{closure}}
FN:1544,{{closure}}
FN:1548,{{closure}}
FN:1558,{{closure}}
FN:1562,{{closure}}
FN:1572,{{closure}}
FN:1576,{{closure}}
FN:1586,{{closure}}
FN:1590,{{closure}}
FN:1600,{{closure}}
FN:1612,{{closure}}
FN:1624,{{closure}}
FN:1628,{{closure}}
FN:1639,{{closure}}
FN:1652,{{closure}}
FN:1668,{{closure}}
FNF:63
FNDA:1,new
FNDA:1,score
FNDA:1,from_scores
FNDA:1,default
FNDA:1,set_all
FNDA:1,with_capacity
FNDA:1,init
FNDA:1,get_mut
FNDA:1,resize
FNDA:3,{{closure}}
FNDA:3,{{closure}}
FNDA:2,{{closure}}
FNDA:3,{{closure}}
FNDA:2,{{closure}}
FNDA:3,{{closure}}
FNDA:2,{{closure}}
FNDA:3,{{closure}}
FNDA:2,{{closure}}
FNDA:3,{{closure}}
FNDA:2,{{closure}}
FNDA:3,{{closure}}
FNDA:2,{{closure}}
FNDA:3,{{closure}}
FNDA:2,{{closure}}
FNDA:3,{{closure}}
FNDA:3,{{closure}}
FNDA:3,{{closure}}
FNDA:2,{{closure}}
FNDA:3,{{closure}}
FNDA:2,{{closure}}
FNDA:3,{{closure}}
FNDA:2,{{closure}}
FNDA:3,{{closure}}
FNDA:2,{{closure}}
FNDA:3,{{closure}}
FNDA:2,{{closure}}
FNDA:3,{{closure}}
FNDA:2,{{closure}}
FNDA:3,{{closure}}
FNDA:2,{{closure}}
FNDA:3,{{closure}}
FNDA:2,{{closure}}
FNDA:3,{{closure}}
FNDA:2,{{closure}}
FNDA:3,{{closure}}
FNDA:2,{{closure}}
FNDA:3,{{closure}}
FNDA:2,{{closure}}
FNDA:3,{{closure}}
FNDA:2,{{closure}}
FNDA:3,{{closure}}
FNDA:2,{{closure}}
FNDA:3,{{closure}}
FNDA:2,{{closure}}
FNDA:3,{{closure}}
FNDA:2,{{closure}}
FNDA:3,{{closure}}
FNDA:3,{{closure}}
FNDA:3,{{closure}}
FNDA:2,{{closure}}
FNDA:3,{{closure}}
FNDA:3,{{closure}}
FNDA:3,{{closure}}
DA:187,1
DA:188,1
DA:189,1
DA:199,1
DA:200,2
DA:201,1
DA:203,1
DA:214,56
DA:215,56
DA:246,1
DA:252,1
DA:253,1
DA:258,1
DA:259,1
DA:278,59
DA:279,59
DA:280,59
DA:308,9
DA:309,9
DA:310,9
DA:311,9
DA:312,9
DA:330,1
DA:331,1
DA:332,1
DA:333,1
DA:350,1
DA:351,1
DA:352,1
DA:353,1
DA:370,10
DA:371,10
DA:372,10
DA:373,10
DA:374,10
DA:391,1
DA:392,1
DA:393,1
DA:394,1
DA:411,1
DA:412,1
DA:413,1
DA:414,1
DA:481,4
DA:483,0
DA:484,0
DA:485,0
DA:486,0
DA:487,0
DA:502,22
DA:503,22
DA:504,22
DA:507,44
DA:508,44
DA:509,44
DA:510,22
DA:511,22
DA:512,22
DA:513,22
DA:514,22
DA:523,6
DA:525,0
DA:526,0
DA:527,6
DA:539,6
DA:540,6
DA:541,6
DA:542,6
DA:543,6
DA:546,6
DA:547,6
DA:550,6
DA:551,6
DA:554,6
DA:555,6
DA:560,12
DA:561,12
DA:562,12
DA:563,6
DA:564,6
DA:565,6
DA:566,6
DA:577,28
DA:578,28
DA:579,28
DA:583,84
DA:584,28
DA:585,28
DA:586,28
DA:588,28
DA:589,28
DA:590,28
DA:592,28
DA:594,84
DA:595,28
DA:596,28
DA:597,28
DA:598,28
DA:599,28
DA:600,28
DA:601,28
DA:602,28
DA:603,28
DA:604,28
DA:605,28
DA:608,112
DA:609,28
DA:610,28
DA:611,56
DA:612,56
DA:613,0
DA:616,28
DA:617,56
DA:619,61
DA:620,24
DA:621,0
DA:623,18
DA:624,0
DA:628,84
DA:629,0
DA:631,56
DA:634,84
DA:635,28
DA:636,0
DA:639,38
DA:640,10
DA:641,0
DA:645,28
DA:646,10
DA:647,10
DA:650,84
DA:651,56
DA:654,56
DA:655,19
DA:656,19
DA:661,112
DA:662,28
DA:663,28
DA:667,28
DA:668,28
DA:670,56
DA:671,56
DA:672,0
DA:675,28
DA:676,56
DA:677,0
DA:678,60
DA:679,14
DA:680,0
DA:682,36
DA:683,0
DA:686,87
DA:687,12
DA:688,0
DA:690,38
DA:691,0
DA:694,57
DA:696,1
DA:697,0
DA:699,56
DA:700,0
DA:701,0
DA:704,56
DA:707,84
DA:708,28
DA:711,56
DA:712,56
DA:713,28
DA:714,28
DA:715,56
DA:717,112
DA:718,28
DA:719,28
DA:721,28
DA:723,56
DA:724,56
DA:725,0
DA:726,83
DA:727,27
DA:728,0
DA:730,28
DA:731,56
DA:734,56
DA:735,56
DA:736,0
DA:737,82
DA:738,26
DA:739,0
DA:741,28
DA:742,56
DA:745,28
DA:746,28
DA:748,56
DA:749,28
DA:750,28
DA:753,50
DA:754,22
DA:755,0
DA:758,49
DA:759,21
DA:760,0
DA:763,37
DA:764,9
DA:765,0
DA:768,56
DA:769,0
DA:770,28
DA:771,56
DA:772,0
DA:773,0
DA:776,28
DA:777,28
DA:778,28
DA:781,28
DA:782,25
DA:783,25
DA:787,28
DA:788,26
DA:789,26
DA:792,28
DA:797,112
DA:798,28
DA:799,28
DA:800,43
DA:801,15
DA:802,15
DA:804,31
DA:805,3
DA:806,3
DA:807,3
DA:813,112
DA:814,28
DA:815,28
DA:816,28
DA:817,70
DA:818,14
DA:819,42
DA:820,14
DA:822,28
DA:823,0
DA:824,0
DA:825,0
DA:826,0
DA:827,0
DA:828,0
DA:833,28
DA:834,28
DA:835,56
DA:836,28
DA:837,28
DA:838,28
DA:839,28
DA:841,84
DA:843,28
DA:844,0
DA:845,88
DA:846,28
DA:847,0
DA:848,15
DA:849,45
DA:850,15
DA:852,0
DA:853,8
DA:854,24
DA:855,8
DA:857,0
DA:858,27
DA:859,54
DA:860,27
DA:861,54
DA:863,0
DA:864,13
DA:865,26
DA:866,13
DA:867,26
DA:869,0
DA:870,7
DA:871,7
DA:872,7
DA:873,21
DA:875,0
DA:876,10
DA:877,5
DA:878,5
DA:879,15
DA:881,0
DA:882,13
DA:883,13
DA:884,13
DA:885,39
DA:887,0
DA:888,8
DA:889,8
DA:890,8
DA:891,24
DA:893,0
DA:895,28
DA:898,56
DA:900,28
DA:913,10
DA:915,10
DA:916,10
DA:917,10
DA:918,10
DA:919,10
DA:923,10
DA:924,10
DA:925,10
DA:926,10
DA:929,10
DA:930,10
DA:933,10
DA:934,10
DA:935,10
DA:936,10
DA:938,0
DA:942,10
DA:944,10
DA:945,10
DA:946,10
DA:947,10
DA:948,10
DA:952,10
DA:953,10
DA:954,10
DA:955,10
DA:958,10
DA:959,10
DA:962,10
DA:965,10
DA:966,10
DA:967,10
DA:968,10
DA:970,0
DA:974,5
DA:976,5
DA:977,5
DA:978,5
DA:979,5
DA:980,5
DA:984,5
DA:985,5
DA:986,5
DA:987,5
DA:990,5
DA:991,5
DA:994,5
DA:997,5
DA:998,5
DA:999,5
DA:1000,5
DA:1002,0
DA:1017,1
DA:1045,0
DA:1046,201
DA:1051,0
DA:1052,1116
DA:1053,188
DA:1054,188
DA:1057,2232
DA:1058,1116
DA:1062,0
DA:1064,0
DA:1068,0
DA:1070,0
DA:1074,0
DA:1076,0
DA:1081,0
DA:1082,391
DA:1086,0
DA:1087,0
DA:1091,0
DA:1092,0
DA:1096,0
DA:1097,0
DA:1101,1
DA:1102,0
DA:1103,0
DA:1104,0
DA:1116,1
DA:1117,1
DA:1118,2
DA:1122,2
DA:1126,1
DA:1127,1
DA:1128,1
DA:1129,1
DA:1131,1
DA:1135,0
DA:1136,199
DA:1137,199
DA:1138,398
DA:1142,0
DA:1143,380
DA:1144,380
DA:1145,760
DA:1148,1
DA:1149,1
DA:1150,1
DA:1151,2
DA:1154,1
DA:1155,1
DA:1156,2
DA:1157,2
DA:1168,3
DA:1169,1
DA:1171,1
DA:1172,2
DA:1173,3
DA:1174,3
DA:1176,1
DA:1177,2
DA:1179,1
DA:1180,2
DA:1181,3
DA:1183,1
DA:1184,2
DA:1185,3
DA:1187,1
DA:1188,2
DA:1189,3
DA:1190,3
DA:1194,3
DA:1195,1
DA:1196,1
DA:1197,2
DA:1198,1
DA:1199,1
DA:1200,1
DA:1201,1
DA:1202,2
DA:1210,3
DA:1211,1
DA:1212,1
DA:1213,2
DA:1214,1
DA:1215,1
DA:1216,1
DA:1217,1
DA:1218,2
DA:1225,3
DA:1226,1
DA:1227,1
DA:1228,2
DA:1229,1
DA:1230,1
DA:1232,3
DA:1233,1
DA:1240,3
DA:1241,1
DA:1242,1
DA:1243,2
DA:1244,1
DA:1245,1
DA:1247,3
DA:1249,1
DA:1250,2
DA:1251,1
DA:1252,1
DA:1254,1
DA:1258,3
DA:1259,1
DA:1260,1
DA:1261,2
DA:1262,1
DA:1263,1
DA:1264,1
DA:1265,1
DA:1269,3
DA:1270,1
DA:1271,1
DA:1272,2
DA:1273,1
DA:1274,1
DA:1275,1
DA:1276,1
DA:1277,2
DA:1284,3
DA:1285,1
DA:1286,1
DA:1287,2
DA:1288,1
DA:1289,1
DA:1291,3
DA:1292,1
DA:1293,1
DA:1294,2
DA:1301,3
DA:1302,1
DA:1303,1
DA:1304,1
DA:1305,1
DA:1306,1
DA:1307,1
DA:1308,1
DA:1309,1
DA:1310,2
DA:1314,3
DA:1315,1
DA:1316,1
DA:1317,1
DA:1318,1
DA:1319,1
DA:1320,1
DA:1321,1
DA:1322,1
DA:1323,2
DA:1327,1
DA:1331,3
DA:1332,1
DA:1333,1
DA:1334,2
DA:1335,1
DA:1336,1
DA:1337,1
DA:1338,1
DA:1339,2
DA:1346,3
DA:1347,1
DA:1348,1
DA:1349,2
DA:1350,1
DA:1351,1
DA:1352,1
DA:1353,1
DA:1354,2
DA:1361,3
DA:1362,1
DA:1363,1
DA:1364,2
DA:1365,1
DA:1366,1
DA:1367,1
DA:1368,1
DA:1370,2
DA:1377,3
DA:1378,1
DA:1379,1
DA:1380,2
DA:1381,1
DA:1382,1
DA:1384,1
DA:1385,2
DA:1393,2
DA:1394,1
DA:1396,1
DA:1397,2
DA:1404,3
DA:1405,1
DA:1406,1
DA:1407,2
DA:1408,1
DA:1409,1
DA:1410,3
DA:1412,1
DA:1413,1
DA:1414,2
DA:1426,3
DA:1427,1
DA:1428,1
DA:1430,2
DA:1431,1
DA:1432,1
DA:1434,3
DA:1436,1
DA:1437,1
DA:1438,1
DA:1439,1
DA:1440,2
DA:1450,3
DA:1451,1
DA:1452,1
DA:1453,2
DA:1454,1
DA:1455,1
DA:1456,3
DA:1458,1
DA:1459,1
DA:1460,2
DA:1470,3
DA:1471,1
DA:1472,1
DA:1473,2
DA:1474,1
DA:1476,1
DA:1477,1
DA:1478,1
DA:1479,2
DA:1484,1
DA:1485,1
DA:1486,1
DA:1487,2
DA:1492,1
DA:1493,1
DA:1494,1
DA:1495,2
DA:1502,3
DA:1503,1
DA:1504,1
DA:1506,2
DA:1507,1
DA:1508,1
DA:1510,2
DA:1517,3
DA:1518,1
DA:1519,1
DA:1521,2
DA:1522,1
DA:1523,1
DA:1525,2
DA:1529,3
DA:1530,1
DA:1531,1
DA:1533,2
DA:1534,1
DA:1535,1
DA:1537,2
DA:1544,3
DA:1545,1
DA:1546,1
DA:1548,2
DA:1549,1
DA:1551,1
DA:1552,1
DA:1554,2
DA:1558,3
DA:1559,1
DA:1560,1
DA:1562,2
DA:1563,1
DA:1565,1
DA:1566,1
DA:1568,2
DA:1572,3
DA:1573,1
DA:1574,1
DA:1576,2
DA:1577,1
DA:1579,1
DA:1580,1
DA:1582,2
DA:1586,3
DA:1587,1
DA:1588,1
DA:1590,2
DA:1591,1
DA:1593,1
DA:1594,1
DA:1596,2
DA:1600,3
DA:1602,1
DA:1603,1
DA:1607,1
DA:1608,1
DA:1612,3
DA:1614,1
DA:1615,1
DA:1619,1
DA:1620,1
DA:1624,3
DA:1625,1
DA:1626,1
DA:1628,2
DA:1629,1
DA:1631,1
DA:1632,1
DA:1634,3
DA:1635,1
DA:1639,3
DA:1640,1
DA:1641,1
DA:1643,1
DA:1645,1
DA:1646,1
DA:1648,2
DA:1652,3
DA:1653,1
DA:1654,1
DA:1655,1
DA:1662,1
DA:1663,1
DA:1664,1
DA:1668,3
DA:1669,1
DA:1670,1
DA:1671,1
DA:1678,1
DA:1679,1
DA:1680,1
DA:1689,1
DA:1690,1
DA:1691,1
DA:1700,1
DA:1701,1
DA:1702,1
DA:1711,1
DA:1712,1
DA:1713,1
LF:698
LH:627
end_of_record
TN:
SF:/home/todd/rust-bio/src/alignment/poa.rs
FN:74,cmp
FN:80,partial_cmp
FN:86,eq
FN:112,with_capacity
FN:132,initialize_scores
FN:154,new
FN:163,set
FN:167,get
FN:171,print
FN:186,alignment
FN:479,{{closure}}
FN:490,{{closure}}
FN:491,{{closure}}
FN:507,{{closure}}
FN:508,{{closure}}
FN:524,{{closure}}
FN:525,{{closure}}
FN:549,{{closure}}
FN:550,{{closure}}
FN:574,{{closure}}
FN:575,{{closure}}
FNF:21
FNDA:1,cmp
FNDA:0,partial_cmp
FNDA:0,eq
FNDA:1,with_capacity
FNDA:1,initialize_scores
FNDA:1,new
FNDA:1,set
FNDA:1,get
FNDA:0,print
FNDA:1,alignment
FNDA:3,{{closure}}
FNDA:3,{{closure}}
FNDA:3,{{closure}}
FNDA:3,{{closure}}
FNDA:3,{{closure}}
FNDA:3,{{closure}}
FNDA:3,{{closure}}
FNDA:3,{{closure}}
FNDA:3,{{closure}}
FNDA:3,{{closure}}
FNDA:3,{{closure}}
DA:74,1
DA:75,1
DA:80,0
DA:81,0
DA:86,0
DA:87,0
DA:112,1
DA:113,2
DA:114,1
DA:115,1
DA:116,0
DA:117,1
DA:119,1
DA:121,1
DA:126,1
DA:132,1
DA:133,5
DA:134,0
DA:135,0
DA:136,0
DA:137,1
DA:138,0
DA:141,2
DA:142,1
DA:143,1
DA:146,4
DA:147,2
DA:148,1
DA:149,1
DA:154,1
DA:158,1
DA:159,1
DA:163,1
DA:164,1
DA:167,1
DA:168,1
DA:171,0
DA:172,0
DA:173,0
DA:174,0
DA:175,0
DA:177,0
DA:178,0
DA:179,0
DA:180,0
DA:183,0
DA:186,1
DA:188,1
DA:191,2
DA:192,1
DA:194,2
DA:197,1
DA:198,4
DA:199,3
DA:200,1
DA:201,2
DA:203,2
DA:204,1
DA:206,2
DA:207,1
DA:208,2
DA:210,0
DA:211,0
DA:213,0
DA:214,0
DA:216,0
DA:217,0
DA:222,1
DA:225,1
DA:242,1
DA:244,1
DA:245,1
DA:246,1
DA:251,1
DA:252,1
DA:253,1
DA:254,0
DA:258,1
DA:259,1
DA:263,1
DA:264,1
DA:265,2
DA:266,0
DA:270,0
DA:271,0
DA:291,0
DA:301,6
DA:302,12
DA:303,0
DA:304,12
DA:305,0
DA:306,18
DA:307,6
DA:308,6
DA:309,6
DA:319,5
DA:320,5
DA:323,10
DA:324,5
DA:325,5
DA:327,5
DA:330,5
DA:331,0
DA:332,5
DA:337,5
DA:338,10
DA:340,10
DA:341,10
DA:342,5
DA:344,10
DA:345,0
DA:347,20
DA:348,5
DA:350,20
DA:352,5
DA:353,5
DA:358,5
DA:360,20
DA:361,5
DA:362,5
DA:363,5
DA:364,5
DA:365,5
DA:366,15
DA:367,5
DA:368,10
DA:370,5
DA:371,10
DA:372,10
DA:377,5
DA:381,5
DA:382,5
DA:383,10
DA:384,10
DA:387,5
DA:391,5
DA:398,0
DA:399,0
DA:400,0
DA:401,0
DA:402,0
DA:403,0
DA:404,0
DA:405,0
DA:407,0
DA:408,0
DA:409,0
DA:410,0
DA:411,0
DA:412,0
DA:414,0
DA:415,0
DA:416,0
DA:419,0
DA:428,3
DA:429,3
DA:430,3
DA:431,9
DA:432,12
DA:433,6
DA:434,6
DA:436,3
DA:437,3
DA:438,6
DA:439,2
DA:440,2
DA:441,2
DA:444,9
DA:445,6
DA:446,3
DA:448,0
DA:450,3
DA:453,6
DA:455,6
DA:457,3
DA:458,0
DA:460,0
DA:461,3
DA:462,3
DA:463,3
DA:464,3
DA:479,3
DA:482,1
DA:483,1
DA:484,1
DA:485,2
DA:486,2
DA:490,3
DA:491,3
DA:495,1
DA:496,2
DA:497,1
DA:499,2
DA:500,1
DA:502,2
DA:503,1
DA:507,3
DA:508,3
DA:509,1
DA:510,1
DA:511,1
DA:512,1
DA:513,2
DA:514,1
DA:515,1
DA:516,1
DA:517,1
DA:518,1
DA:519,1
DA:520,1
DA:524,3
DA:525,3
DA:527,1
DA:528,1
DA:529,1
DA:530,1
DA:531,2
DA:532,1
DA:533,1
DA:534,1
DA:535,1
DA:536,1
DA:537,1
DA:538,1
DA:539,1
DA:540,1
DA:542,2
DA:543,1
DA:545,2
DA:549,3
DA:550,3
DA:552,1
DA:553,1
DA:554,1
DA:555,1
DA:556,1
DA:557,2
DA:558,1
DA:559,1
DA:560,1
DA:561,1
DA:562,1
DA:563,1
DA:564,1
DA:565,1
DA:566,1
DA:567,1
DA:568,1
DA:570,1
DA:574,3
DA:575,3
DA:576,1
DA:577,2
DA:582,1
LF:254
LH:199
end_of_record
TN:
SF:/home/todd/rust-bio/src/alignment/sparse.rs
FN:67,lcskpp
FN:153,new
FN:185,sdpkpp
FN:289,sdpkpp_union_lcskpp_path
FN:332,find_kmer_matches
FN:345,hash_kmers
FN:358,find_kmer_matches_seq1_hashed
FN:380,find_kmer_matches_seq2_hashed
FN:401,expand_kmer_matches
FN:500,{{closure}}
FN:513,{{closure}}
FN:519,{{closure}}
FN:527,strict_compare_lcskpp_sdpkpp
FN:537,{{closure}}
FN:544,{{closure}}
FN:563,{{closure}}
FN:570,{{closure}}
FN:593,{{closure}}
FN:620,{{closure}}
FN:643,{{closure}}
FN:664,{{closure}}
FN:688,{{closure}}
FN:712,{{closure}}
FN:723,{{closure}}
FN:737,{{closure}}
FN:781,{{closure}}
FNF:26
FNDA:1,lcskpp
FNDA:1,new
FNDA:1,sdpkpp
FNDA:0,sdpkpp_union_lcskpp_path
FNDA:1,find_kmer_matches
FNDA:1,hash_kmers
FNDA:1,find_kmer_matches_seq1_hashed
FNDA:1,find_kmer_matches_seq2_hashed
FNDA:1,expand_kmer_matches
FNDA:3,{{closure}}
FNDA:3,{{closure}}
FNDA:4,{{closure}}
FNDA:1,strict_compare_lcskpp_sdpkpp
FNDA:3,{{closure}}
FNDA:3,{{closure}}
FNDA:3,{{closure}}
FNDA:3,{{closure}}
FNDA:3,{{closure}}
FNDA:3,{{closure}}
FNDA:3,{{closure}}
FNDA:3,{{closure}}
FNDA:3,{{closure}}
FNDA:3,{{closure}}
FNDA:2,{{closure}}
FNDA:2,{{closure}}
FNDA:2,{{closure}}
DA:67,1
DA:68,1
DA:69,0
DA:70,0
DA:72,0
DA:76,1
DA:79,4
DA:80,1
DA:83,1
DA:84,1
DA:86,4
DA:87,1
DA:88,1
DA:90,1
DA:91,1
DA:93,2
DA:95,1
DA:96,1
DA:97,1
DA:99,1
DA:101,3
DA:102,1
DA:103,1
DA:104,2
DA:106,2
DA:107,1
DA:108,1
DA:109,1
DA:110,1
DA:111,1
DA:115,2
DA:116,3
DA:117,2
DA:118,1
DA:119,2
DA:120,1
DA:124,2
DA:128,1
DA:129,1
DA:130,2
DA:131,1
DA:132,2
DA:134,2
DA:153,1
DA:154,1
DA:156,2
DA:185,1
DA:192,1
DA:193,0
DA:194,0
DA:196,0
DA:200,1
DA:201,2
DA:202,0
DA:204,2
DA:205,2
DA:208,4
DA:209,1
DA:212,1
DA:213,1
DA:215,4
DA:216,1
DA:217,1
DA:219,1
DA:220,1
DA:222,2
DA:224,1
DA:225,1
DA:226,1
DA:228,1
DA:230,3
DA:231,1
DA:232,1
DA:233,2
DA:235,2
DA:237,1
DA:240,1
DA:241,1
DA:242,1
DA:243,1
DA:244,1
DA:245,1
DA:246,1
DA:247,3
DA:248,1
DA:250,1
DA:253,1
DA:254,2
DA:256,1
DA:257,1
DA:261,2
DA:262,3
DA:263,2
DA:264,1
DA:265,2
DA:266,1
DA:270,2
DA:271,1
DA:275,1
DA:276,1
DA:277,2
DA:278,1
DA:279,2
DA:281,2
DA:289,0
DA:296,0
DA:297,0
DA:299,0
DA:300,0
DA:301,0
DA:303,0
DA:305,0
DA:307,0
DA:309,0
DA:310,0
DA:313,0
DA:314,0
DA:315,0
DA:317,0
DA:318,0
DA:320,0
DA:321,0
DA:324,0
DA:332,1
DA:333,1
DA:334,1
DA:335,1
DA:337,1
DA:338,1
DA:345,1
DA:346,1
DA:347,1
DA:348,3
DA:349,2
DA:351,1
DA:358,1
DA:363,1
DA:365,3
DA:366,1
DA:367,3
DA:368,4
DA:369,1
DA:374,2
DA:380,1
DA:385,1
DA:387,3
DA:388,1
DA:390,3
DA:391,4
DA:392,1
DA:397,2
DA:401,1
DA:409,3
DA:410,1
DA:413,1
DA:414,1
DA:416,5
DA:417,1
DA:418,2
DA:419,1
DA:420,1
DA:421,2
DA:423,3
DA:426,1
DA:428,1
DA:429,1
DA:430,2
DA:431,1
DA:434,4
DA:435,1
DA:437,1
DA:439,1
DA:442,1
DA:443,1
DA:447,2
DA:450,2
DA:451,1
DA:452,1
DA:454,1
DA:456,4
DA:457,1
DA:458,2
DA:459,2
DA:460,2
DA:462,1
DA:463,3
DA:466,1
DA:468,1
DA:469,1
DA:470,2
DA:473,1
DA:476,1
DA:477,3
DA:478,1
DA:480,1
DA:482,1
DA:485,1
DA:486,1
DA:489,2
DA:491,2
DA:492,1
DA:500,3
DA:501,1
DA:502,1
DA:503,1
DA:507,1
DA:508,2
DA:513,3
DA:514,1
DA:515,1
DA:516,1
DA:517,1
DA:518,1
DA:519,4
DA:520,2
DA:522,1
DA:524,1
DA:527,1
DA:528,1
DA:529,1
DA:530,1
DA:531,1
DA:533,1
DA:537,3
DA:538,1
DA:539,1
DA:540,1
DA:544,3
DA:545,1
DA:546,1
DA:547,1
DA:549,1
DA:550,1
DA:559,1
DA:563,3
DA:564,1
DA:565,1
DA:566,1
DA:570,3
DA:573,1
DA:574,1
DA:576,1
DA:577,1
DA:585,1
DA:587,4
DA:588,1
DA:593,3
DA:594,1
DA:595,1
DA:620,3
DA:621,1
DA:622,1
DA:623,1
DA:631,1
DA:643,3
DA:644,1
DA:645,1
DA:646,1
DA:656,1
DA:658,4
DA:659,1
DA:664,3
DA:665,1
DA:666,1
DA:667,1
DA:668,1
DA:669,1
DA:670,1
DA:672,1
DA:673,1
DA:674,1
DA:675,1
DA:676,1
DA:677,1
DA:679,1
DA:680,1
DA:681,1
DA:682,1
DA:683,1
DA:684,1
DA:688,3
DA:689,1
DA:690,1
DA:691,1
DA:692,1
DA:693,1
DA:694,1
DA:696,1
DA:697,1
DA:698,1
DA:699,1
DA:700,1
DA:701,1
DA:703,1
DA:704,1
DA:705,1
DA:706,1
DA:707,1
DA:708,1
DA:712,3
DA:713,1
DA:714,1
DA:715,1
DA:716,2
DA:718,1
DA:719,1
DA:721,2
DA:723,2
DA:727,1
DA:728,1
DA:729,1
DA:730,2
DA:732,1
DA:733,1
DA:735,2
DA:737,2
DA:741,1
DA:742,1
DA:743,1
DA:744,2
DA:746,1
DA:747,2
DA:749,1
DA:752,1
DA:753,1
DA:754,1
DA:755,2
DA:757,1
DA:758,2
DA:760,2
DA:761,1
DA:762,1
DA:763,1
DA:764,1
DA:765,1
DA:766,1
DA:767,1
DA:768,1
DA:772,1
DA:773,1
DA:774,1
DA:775,2
DA:776,1
DA:777,1
DA:779,2
DA:781,2
LF:346
LH:320
end_of_record
TN:
SF:/home/todd/rust-bio/src/alphabets/dna.rs
FN:23,alphabet
FN:28,n_alphabet
FN:33,iupac_alphabet
FN:65,complement
FN:81,revcomp<&u8,&[u8; 10]>
FN:89,{{closure}}<&u8,&[u8; 10]>
FN:98,{{closure}}
FN:103,{{closure}}
FN:108,{{closure}}
FN:113,{{closure}}
FNF:10
FNDA:1,alphabet
FNDA:1,n_alphabet
FNDA:0,iupac_alphabet
FNDA:1,complement
FNDA:1,revcomp<&u8,&[u8; 10]>
FNDA:2,{{closure}}<&u8,&[u8; 10]>
FNDA:3,{{closure}}
FNDA:3,{{closure}}
FNDA:3,{{closure}}
FNDA:3,{{closure}}
DA:23,1
DA:28,1
DA:33,0
DA:39,1
DA:40,3
DA:41,1
DA:43,3
DA:44,1
DA:45,2
DA:65,1
DA:66,1
DA:81,1
DA:87,1
DA:89,2
DA:98,3
DA:99,2
DA:103,3
DA:104,2
DA:108,3
DA:109,2
DA:113,3
DA:114,2
LF:22
LH:21
end_of_record
TN:
SF:/home/todd/rust-bio/src/alphabets/mod.rs
FN:50,new<&u8,&[u8; 10]>
FN:56,{{closure}}<&u8,&[u8; 10]>
FN:75,insert
FN:92,is_word<&u8,&alloc::vec::Vec<u8, alloc::alloc::Global>>
FN:115,max_symbol
FN:116,{{closure}}
FN:134,len
FN:152,is_empty
FN:168,intersection
FN:186,difference
FN:204,union
FN:238,new
FN:263,get
FN:314,qgrams<&u8,&[u8]>
FN:353,alphabet
FN:381,get_width
FN:405,qgram_push<&u8,core::slice::iter::Iter<u8>>
FN:419,next<&u8,core::slice::iter::Iter<u8>>
FN:432,english_ascii_lower_alphabet
FN:437,english_ascii_upper_alphabet
FN:446,test_alphabet_eq
FNF:21
FNDA:6,new<&u8,&[u8; 10]>
FNDA:30,{{closure}}<&u8,&[u8; 10]>
FNDA:1,insert
FNDA:5,is_word<&u8,&alloc::vec::Vec<u8, alloc::alloc::Global>>
FNDA:1,max_symbol
FNDA:3,{{closure}}
FNDA:1,len
FNDA:0,is_empty
FNDA:0,intersection
FNDA:0,difference
FNDA:0,union
FNDA:1,new
FNDA:1,get
FNDA:2,qgrams<&u8,&[u8]>
FNDA:0,alphabet
FNDA:0,get_width
FNDA:1,qgram_push<&u8,core::slice::iter::Iter<u8>>
FNDA:1,next<&u8,core::slice::iter::Iter<u8>>
FNDA:0,english_ascii_lower_alphabet
FNDA:0,english_ascii_upper_alphabet
FNDA:3,test_alphabet_eq
DA:50,6
DA:55,6
DA:56,30
DA:75,1
DA:76,1
DA:92,5
DA:97,10
DA:98,15
DA:115,1
DA:116,3
DA:134,1
DA:135,1
DA:152,0
DA:153,0
DA:168,0
DA:169,0
DA:170,0
DA:186,0
DA:187,0
DA:188,0
DA:204,0
DA:205,0
DA:206,0
DA:238,1
DA:239,1
DA:240,4
DA:241,1
DA:263,1
DA:264,1
DA:286,0
DA:287,0
DA:288,0
DA:289,0
DA:290,0
DA:291,0
DA:314,2
DA:319,4
DA:320,2
DA:321,2
DA:326,2
DA:329,4
DA:333,10
DA:334,2
DA:337,0
DA:353,0
DA:354,0
DA:355,0
DA:381,0
DA:382,0
DA:405,1
DA:406,1
DA:407,1
DA:408,1
DA:419,1
DA:420,2
DA:421,2
DA:422,2
DA:423,1
DA:424,1
DA:426,1
DA:432,0
DA:433,0
DA:437,0
DA:438,0
DA:446,3
DA:447,1
DA:448,1
DA:449,1
LF:68
LH:41
end_of_record
TN:
SF:/home/todd/rust-bio/src/alphabets/protein.rs
FN:20,alphabet
FN:29,{{closure}}
FN:34,{{closure}}
FN:39,{{closure}}
FN:44,{{closure}}
FNF:5
FNDA:1,alphabet
FNDA:3,{{closure}}
FNDA:3,{{closure}}
FNDA:3,{{closure}}
FNDA:3,{{closure}}
DA:20,1
DA:21,1
DA:29,3
DA:30,2
DA:34,3
DA:35,2
DA:39,3
DA:40,2
DA:44,3
DA:45,2
LF:10
LH:10
end_of_record
TN:
SF:/home/todd/rust-bio/src/alphabets/rna.rs
FN:23,alphabet
FN:28,n_alphabet
FN:33,iupac_alphabet
FN:65,complement
FN:80,revcomp<&u8,&[u8; 7]>
FN:88,{{closure}}<&u8,&[u8; 7]>
FN:97,is_word
FN:102,is_no_word
FN:107,symbol_is_no_word
FN:112,number_is_no_word
FN:117,test_reverse_complement
FNF:11
FNDA:1,alphabet
FNDA:0,n_alphabet
FNDA:0,iupac_alphabet
FNDA:1,complement
FNDA:1,revcomp<&u8,&[u8; 7]>
FNDA:2,{{closure}}<&u8,&[u8; 7]>
FNDA:3,is_word
FNDA:3,is_no_word
FNDA:3,symbol_is_no_word
FNDA:3,number_is_no_word
FNDA:3,test_reverse_complement
DA:23,1
DA:28,0
DA:33,0
DA:39,1
DA:40,3
DA:41,1
DA:43,3
DA:44,1
DA:45,2
DA:65,1
DA:66,1
DA:80,1
DA:86,1
DA:88,2
DA:97,3
DA:98,2
DA:102,3
DA:103,2
DA:107,3
DA:108,2
DA:112,3
DA:113,2
DA:117,3
DA:118,1
LF:24
LH:22
end_of_record
TN:
SF:/home/todd/rust-bio/src/data_structures/annot_map.rs
FN:104,insert_at<alloc::string::String,alloc::string::String,bio_types::annot::contig::Contig<alloc::string::String, bio_types::strand::ReqStrand>>
FN:119,find<alloc::string::String,alloc::string::String,bio_types::annot::contig::Contig<alloc::string::String, bio_types::strand::ReqStrand>>
FN:253,{{closure}}
FN:275,{{closure}}
FN:279,{{closure}}
FN:283,{{closure}}
FN:287,{{closure}}
FN:291,{{closure}}
FN:295,{{closure}}
FN:300,{{closure}}
FN:321,{{closure}}
FN:326,{{closure}}
FN:331,{{closure}}
FN:336,{{closure}}
FN:341,{{closure}}
FNF:15
FNDA:1,insert_at<alloc::string::String,alloc::string::String,bio_types::annot::contig::Contig<alloc::string::String, bio_types::strand::ReqStrand>>
FNDA:1,find<alloc::string::String,alloc::string::String,bio_types::annot::contig::Contig<alloc::string::String, bio_types::strand::ReqStrand>>
FNDA:3,{{closure}}
FNDA:4,{{closure}}
FNDA:4,{{closure}}
FNDA:2,{{closure}}
FNDA:2,{{closure}}
FNDA:2,{{closure}}
FNDA:2,{{closure}}
FNDA:3,{{closure}}
FNDA:4,{{closure}}
FNDA:4,{{closure}}
FNDA:4,{{closure}}
FNDA:4,{{closure}}
FNDA:4,{{closure}}
DA:62,1
DA:64,1
DA:75,1
DA:76,1
DA:104,1
DA:109,2
DA:110,0
DA:111,1
DA:112,0
DA:113,1
DA:114,1
DA:119,1
DA:123,3
DA:124,2
DA:125,1
DA:127,1
DA:128,1
DA:133,1
DA:172,0
DA:173,0
DA:174,0
DA:175,0
DA:176,0
DA:177,0
DA:178,0
DA:197,1
DA:198,1
DA:202,0
DA:203,0
DA:207,0
DA:208,0
DA:231,1
DA:232,1
DA:233,3
DA:234,3
DA:235,0
DA:236,1
DA:238,1
DA:240,1
DA:253,3
DA:254,1
DA:255,1
DA:256,1
DA:257,1
DA:258,2
DA:261,1
DA:264,1
DA:265,1
DA:266,1
DA:267,1
DA:270,1
DA:274,1
DA:275,4
DA:276,2
DA:278,1
DA:279,4
DA:280,2
DA:282,1
DA:283,2
DA:284,1
DA:286,2
DA:287,2
DA:288,1
DA:290,2
DA:291,2
DA:292,1
DA:294,2
DA:295,2
DA:296,1
DA:300,3
DA:301,1
DA:303,1
DA:304,1
DA:305,2
DA:307,1
DA:308,1
DA:309,1
DA:311,1
DA:312,1
DA:313,1
DA:315,1
DA:316,1
DA:317,1
DA:320,1
DA:321,4
DA:322,1
DA:323,1
DA:325,1
DA:326,4
DA:327,1
DA:328,1
DA:330,1
DA:331,4
DA:332,1
DA:333,1
DA:335,1
DA:336,4
DA:337,1
DA:338,1
DA:340,1
DA:341,4
DA:342,1
DA:343,1
LF:103
LH:89
end_of_record
TN:
SF:/home/todd/rust-bio/src/data_structures/bit_tree.rs
FN:51,new<bio::alignment::sparse::PrevPtr,bio::data_structures::bit_tree::MaxOp>
FN:62,get<(i32, i32),bio::data_structures::bit_tree::MaxOp>
FN:78,set<bio::alignment::sparse::PrevPtr,bio::data_structures::bit_tree::MaxOp>
FN:89,operation<(u32, u32)>
FN:115,{{closure}}
FNF:5
FNDA:3,new<bio::alignment::sparse::PrevPtr,bio::data_structures::bit_tree::MaxOp>
FNDA:3,get<(i32, i32),bio::data_structures::bit_tree::MaxOp>
FNDA:3,set<bio::alignment::sparse::PrevPtr,bio::data_structures::bit_tree::MaxOp>
FNDA:3,operation<(u32, u32)>
FNDA:3,{{closure}}
DA:51,3
DA:55,3
DA:62,3
DA:63,3
DA:64,3
DA:65,6
DA:66,3
DA:67,3
DA:70,0
DA:78,3
DA:79,3
DA:80,9
DA:81,3
DA:82,3
DA:89,3
DA:90,3
DA:102,0
DA:103,0
DA:115,3
DA:116,1
DA:118,1
DA:119,1
DA:120,1
DA:121,1
DA:122,1
DA:123,1
DA:124,1
DA:125,1
DA:127,1
DA:128,2
DA:129,2
DA:130,2
DA:131,2
DA:132,2
DA:133,2
DA:134,2
LF:36
LH:33
end_of_record
TN:
SF:/home/todd/rust-bio/src/data_structures/bitenc.rs
FN:59,mask
FN:75,new
FN:99,with_capacity
FN:127,push
FN:175,push_values
FN:246,set
FN:266,get
FN:294,iter
FN:313,clear
FN:319,get_by_addr
FN:324,set_by_addr
FN:332,addr
FN:364,len
FN:389,nr_blocks
FN:412,nr_symbols
FN:432,is_empty
FN:447,next
FN:459,test_bitenc
FN:472,test_push_values
FN:479,test_push_values_edge_cases
FN:523,test_issue29
FNF:21
FNDA:1,mask
FNDA:1,new
FNDA:1,with_capacity
FNDA:1,push
FNDA:1,push_values
FNDA:1,set
FNDA:1,get
FNDA:1,iter
FNDA:0,clear
FNDA:1,get_by_addr
FNDA:1,set_by_addr
FNDA:1,addr
FNDA:0,len
FNDA:1,nr_blocks
FNDA:1,nr_symbols
FNDA:0,is_empty
FNDA:1,next
FNDA:3,test_bitenc
FNDA:3,test_push_values
FNDA:3,test_push_values_edge_cases
FNDA:3,test_issue29
DA:59,1
DA:60,1
DA:75,1
DA:76,1
DA:78,1
DA:80,1
DA:82,2
DA:99,1
DA:100,1
DA:102,2
DA:104,1
DA:106,2
DA:127,1
DA:128,1
DA:129,3
DA:130,1
DA:132,1
DA:133,1
DA:175,1
DA:184,1
DA:185,2
DA:192,3
DA:193,1
DA:194,1
DA:195,2
DA:203,1
DA:206,1
DA:208,1
DA:209,3
DA:210,1
DA:211,1
DA:217,2
DA:218,2
DA:219,1
DA:221,2
DA:224,1
DA:225,1
DA:228,1
DA:246,1
DA:247,1
DA:248,1
DA:266,1
DA:267,2
DA:268,1
DA:270,2
DA:271,1
DA:294,1
DA:313,0
DA:314,0
DA:315,0
DA:319,1
DA:320,1
DA:324,1
DA:325,1
DA:326,2
DA:327,1
DA:328,1
DA:332,1
DA:333,1
DA:335,2
DA:336,2
DA:364,0
DA:365,0
DA:389,1
DA:390,1
DA:412,1
DA:413,1
DA:432,0
DA:433,0
DA:447,1
DA:448,1
DA:449,1
DA:450,0
DA:459,3
DA:460,1
DA:461,1
DA:462,1
DA:463,1
DA:464,1
DA:465,1
DA:466,1
DA:467,1
DA:468,2
DA:472,3
DA:473,1
DA:474,1
DA:475,2
DA:479,3
DA:488,1
DA:492,1
DA:496,2
DA:497,1
DA:498,2
DA:499,2
DA:501,1
DA:504,1
DA:505,1
DA:506,2
DA:507,2
DA:509,1
DA:513,1
DA:514,1
DA:518,2
DA:519,2
DA:523,3
DA:524,3
DA:525,1
DA:526,4
DA:527,1
DA:528,1
LF:110
LH:102
end_of_record
TN:
SF:/home/todd/rust-bio/src/data_structures/bwt.rs
FN:39,bwt
FN:60,invert_bwt
FN:174,less
FN:184,{{closure}}
FN:190,bwtfind
FN:212,test_bwtfind
FN:222,test_invert_bwt
FN:231,test_occ
FN:241,test_occwm
FNF:9
FNDA:1,bwt
FNDA:1,invert_bwt
FNDA:1,less
FNDA:4,{{closure}}
FNDA:1,bwtfind
FNDA:3,test_bwtfind
FNDA:3,test_invert_bwt
FNDA:3,test_occ
FNDA:3,test_occwm
DA:39,1
DA:40,1
DA:41,1
DA:42,1
DA:43,4
DA:44,1
DA:45,2
DA:60,1
DA:61,1
DA:62,1
DA:63,1
DA:64,1
DA:66,2
DA:67,4
DA:68,1
DA:69,1
DA:94,1
DA:95,1
DA:96,1
DA:97,0
DA:98,0
DA:99,0
DA:100,2
DA:101,2
DA:102,4
DA:103,1
DA:104,4
DA:105,2
DA:114,1
DA:141,1
DA:143,2
DA:147,1
DA:148,0
DA:149,0
DA:150,0
DA:154,0
DA:155,0
DA:159,0
DA:160,0
DA:161,0
DA:162,0
DA:168,2
DA:169,2
DA:174,1
DA:175,1
DA:179,2
DA:180,4
DA:181,1
DA:184,4
DA:190,1
DA:191,1
DA:192,1
DA:194,2
DA:195,4
DA:196,1
DA:197,1
DA:212,3
DA:213,1
DA:214,1
DA:215,1
DA:216,2
DA:217,1
DA:218,2
DA:222,3
DA:223,1
DA:224,1
DA:225,1
DA:226,1
DA:227,1
DA:231,3
DA:232,1
DA:233,1
DA:234,2
DA:235,1
DA:236,2
DA:237,2
DA:241,3
DA:242,1
DA:243,1
DA:244,1
DA:245,2
DA:246,1
DA:247,1
DA:249,4
DA:250,3
DA:251,1
LF:86
LH:74
end_of_record
TN:
SF:/home/todd/rust-bio/src/data_structures/fmindex.rs
FN:485,{{closure}}
FN:503,{{closure}}
FN:521,{{closure}}
FN:564,{{closure}}
FN:598,{{closure}}
FN:623,{{closure}}
FN:692,{{closure}}
FNF:7
FNDA:3,{{closure}}
FNDA:3,{{closure}}
FNDA:3,{{closure}}
FNDA:3,{{closure}}
FNDA:3,{{closure}}
FNDA:3,{{closure}}
FNDA:3,{{closure}}
DA:73,1
DA:74,2
DA:75,3
DA:118,1
DA:122,2
DA:123,4
DA:124,1
DA:125,1
DA:126,2
DA:130,1
DA:131,0
DA:135,1
DA:136,1
DA:137,1
DA:154,1
DA:155,1
DA:157,1
DA:158,1
DA:161,1
DA:162,1
DA:174,1
DA:189,1
DA:191,1
DA:192,1
DA:195,1
DA:197,1
DA:198,1
DA:202,1
DA:204,1
DA:205,1
DA:206,1
DA:207,1
DA:222,0
DA:223,0
DA:226,0
DA:227,0
DA:231,0
DA:232,0
DA:246,1
DA:247,1
DA:248,1
DA:249,1
DA:250,2
DA:292,1
DA:293,1
DA:294,1
DA:295,1
DA:297,1
DA:298,2
DA:299,2
DA:300,1
DA:303,4
DA:305,2
DA:308,2
DA:309,1
DA:312,1
DA:313,0
DA:315,1
DA:316,1
DA:319,1
DA:321,1
DA:323,1
DA:324,1
DA:326,3
DA:327,1
DA:328,1
DA:330,1
DA:332,3
DA:334,1
DA:336,5
DA:340,2
DA:341,1
DA:343,1
DA:344,1
DA:347,2
DA:348,1
DA:349,1
DA:352,2
DA:353,0
DA:355,1
DA:358,0
DA:394,1
DA:395,1
DA:396,1
DA:397,1
DA:398,1
DA:399,1
DA:402,4
DA:403,1
DA:404,1
DA:407,1
DA:408,1
DA:410,0
DA:414,1
DA:415,1
DA:416,1
DA:420,1
DA:421,1
DA:427,1
DA:431,1
DA:437,1
DA:438,1
DA:439,1
DA:440,1
DA:446,3
DA:447,1
DA:448,3
DA:449,1
DA:451,1
DA:454,1
DA:455,1
DA:456,0
DA:460,1
DA:466,1
DA:470,1
DA:471,1
DA:473,1
DA:485,3
DA:486,1
DA:487,1
DA:488,1
DA:489,2
DA:490,1
DA:491,1
DA:492,1
DA:494,1
DA:495,2
DA:497,1
DA:499,1
DA:503,3
DA:504,1
DA:505,1
DA:506,1
DA:507,2
DA:508,1
DA:509,1
DA:510,1
DA:512,1
DA:513,2
DA:515,1
DA:517,1
DA:521,3
DA:522,1
DA:523,1
DA:524,1
DA:525,1
DA:527,1
DA:528,2
DA:529,2
DA:530,1
DA:531,1
DA:533,1
DA:534,1
DA:536,1
DA:537,1
DA:538,2
DA:539,1
DA:540,1
DA:541,1
DA:542,1
DA:543,1
DA:544,1
DA:545,1
DA:548,1
DA:549,1
DA:550,2
DA:551,1
DA:552,1
DA:553,2
DA:554,2
DA:557,1
DA:558,1
DA:559,1
DA:564,3
DA:565,1
DA:566,1
DA:567,1
DA:568,2
DA:569,1
DA:570,1
DA:571,1
DA:572,1
DA:575,1
DA:576,1
DA:577,1
DA:578,1
DA:579,4
DA:580,1
DA:581,1
DA:582,1
DA:583,1
DA:584,1
DA:586,1
DA:587,2
DA:591,1
DA:598,3
DA:599,1
DA:601,1
DA:602,1
DA:603,2
DA:604,1
DA:605,1
DA:607,1
DA:608,1
DA:609,1
DA:610,1
DA:612,1
DA:613,1
DA:615,1
DA:616,1
DA:617,1
DA:618,1
DA:619,1
DA:623,3
DA:624,1
DA:674,1
DA:675,1
DA:676,2
DA:677,1
DA:678,1
DA:680,1
DA:681,1
DA:683,1
DA:684,1
DA:686,3
DA:687,1
DA:688,1
DA:689,2
DA:690,2
DA:692,3
DA:694,2
LF:231
LH:219
end_of_record
TN:
SF:/home/todd/rust-bio/src/data_structures/interpolation_table.rs
FN:30,interpolate
FN:62,new<closure-0>
FN:111,test_interpolation_table
FNF:3
FNDA:1,interpolate
FNDA:1,new<closure-0>
FNDA:3,test_interpolation_table
DA:30,1
DA:31,1
DA:62,1
DA:63,1
DA:64,1
DA:66,1
DA:74,1
DA:75,2
DA:76,1
DA:77,1
DA:78,1
DA:81,0
DA:86,1
DA:87,1
DA:94,1
DA:95,1
DA:96,0
DA:98,1
DA:100,1
DA:101,1
DA:111,3
DA:112,3
DA:114,4
DA:115,1
LF:24
LH:22
end_of_record
TN:
SF:/home/todd/rust-bio/src/data_structures/interval_tree/array_backed_interval_tree.rs
FN:260,max3<i32>
FN:261,eq<i32,i32>
FN:275,empty
FN:290,test_example
FNF:4
FNDA:1,max3<i32>
FNDA:2,eq<i32,i32>
FNDA:1,empty
FNDA:3,test_example
DA:59,0
DA:60,0
DA:64,0
DA:65,0
DA:70,1
DA:72,1
DA:91,0
DA:92,0
DA:93,0
DA:94,0
DA:95,0
DA:96,0
DA:101,1
DA:102,1
DA:105,1
DA:106,1
DA:107,2
DA:108,1
DA:109,1
DA:110,1
DA:111,0
DA:113,1
DA:116,1
DA:117,1
DA:118,3
DA:119,1
DA:120,1
DA:124,1
DA:125,1
DA:126,1
DA:127,0
DA:130,1
DA:131,1
DA:132,1
DA:133,2
DA:134,1
DA:135,1
DA:136,1
DA:138,1
DA:139,2
DA:141,1
DA:142,2
DA:143,2
DA:144,3
DA:146,1
DA:147,1
DA:148,1
DA:149,1
DA:151,4
DA:152,1
DA:154,0
DA:156,1
DA:157,0
DA:159,1
DA:161,2
DA:174,1
DA:175,1
DA:176,1
DA:177,0
DA:190,1
DA:195,1
DA:196,0
DA:199,2
DA:200,1
DA:201,1
DA:202,1
DA:203,1
DA:204,1
DA:206,1
DA:207,1
DA:208,1
DA:209,1
DA:210,2
DA:211,1
DA:212,2
DA:213,1
DA:215,1
DA:216,2
DA:217,3
DA:218,1
DA:219,0
DA:221,3
DA:223,1
DA:224,1
DA:225,1
DA:229,0
DA:231,0
DA:232,0
DA:233,0
DA:234,0
DA:235,0
DA:236,0
DA:238,0
DA:239,0
DA:240,0
DA:241,0
DA:243,0
DA:245,0
DA:246,0
DA:247,0
DA:248,0
DA:251,0
DA:252,0
DA:253,0
DA:254,0
DA:260,1
DA:261,2
DA:275,1
DA:290,3
DA:291,1
DA:292,1
DA:293,1
DA:294,1
DA:295,1
DA:296,1
DA:299,1
DA:303,2
DA:306,1
DA:307,1
LF:119
LH:82
end_of_record
TN:
SF:/home/todd/rust-bio/src/data_structures/interval_tree/avl_interval_tree.rs
FN:365,swap_interval_data<isize,alloc::string::String>
FN:370,intersect<isize>
FN:385,validate
FN:397,validate_height
FN:404,validate_intervals
FN:446,validate_string_metadata
FN:454,insert_and_validate
FN:465,make_entry_tuples
FN:478,assert_intersections
FN:494,assert_not_found
FN:499,test_insertion_and_intersection
FN:567,test_insertion_and_intersection_2
FN:592,zero_width_ranges
FN:604,from_iterator
FN:611,{{closure}}
FN:617,iter_mut
FNF:16
FNDA:4,swap_interval_data<isize,alloc::string::String>
FNDA:2,intersect<isize>
FNDA:1,validate
FNDA:1,validate_height
FNDA:1,validate_intervals
FNDA:1,validate_string_metadata
FNDA:1,insert_and_validate
FNDA:1,make_entry_tuples
FNDA:1,assert_intersections
FNDA:1,assert_not_found
FNDA:3,test_insertion_and_intersection
FNDA:3,test_insertion_and_intersection_2
FNDA:3,zero_width_ranges
FNDA:3,from_iterator
FNDA:2,{{closure}}
FNDA:3,iter_mut
DA:40,4
DA:55,3
DA:56,3
DA:60,2
DA:61,2
DA:75,4
DA:76,0
DA:77,4
DA:78,8
DA:79,4
DA:83,4
DA:84,12
DA:85,4
DA:90,10
DA:91,12
DA:92,4
DA:96,8
DA:97,4
DA:98,4
DA:99,0
DA:119,1
DA:120,1
DA:124,0
DA:125,0
DA:139,2
DA:140,0
DA:141,2
DA:142,4
DA:143,1
DA:147,1
DA:148,3
DA:149,1
DA:153,2
DA:154,3
DA:155,1
DA:159,2
DA:160,1
DA:161,1
DA:162,0
DA:173,4
DA:174,4
DA:178,5
DA:179,5
DA:180,5
DA:181,10
DA:182,10
DA:188,5
DA:189,5
DA:190,5
DA:192,4
DA:195,0
DA:196,1
DA:204,2
DA:208,2
DA:209,2
DA:211,1
DA:214,0
DA:215,1
DA:223,3
DA:224,3
DA:225,15
DA:226,3
DA:228,0
DA:245,4
DA:246,8
DA:257,4
DA:258,8
DA:259,8
DA:260,2
DA:262,6
DA:264,8
DA:265,2
DA:267,4
DA:269,4
DA:272,4
DA:273,12
DA:274,12
DA:275,4
DA:278,4
DA:279,4
DA:280,8
DA:281,9
DA:282,1
DA:285,12
DA:286,12
DA:287,4
DA:292,4
DA:293,12
DA:294,8
DA:296,8
DA:297,4
DA:298,4
DA:299,8
DA:301,2
DA:302,0
DA:305,4
DA:306,6
DA:307,2
DA:308,0
DA:311,2
DA:314,4
DA:315,0
DA:318,2
DA:319,6
DA:320,2
DA:321,0
DA:324,2
DA:328,2
DA:329,2
DA:330,2
DA:331,4
DA:332,4
DA:333,2
DA:335,4
DA:336,4
DA:337,2
DA:338,2
DA:340,2
DA:341,4
DA:342,2
DA:343,2
DA:346,2
DA:347,2
DA:348,2
DA:349,4
DA:350,4
DA:351,2
DA:353,4
DA:354,4
DA:355,2
DA:356,2
DA:358,2
DA:359,4
DA:360,2
DA:361,2
DA:365,4
DA:366,4
DA:367,4
DA:370,2
DA:371,8
DA:372,2
DA:373,2
DA:374,2
DA:385,1
DA:386,1
DA:387,1
DA:388,1
DA:389,2
DA:390,1
DA:392,2
DA:393,1
DA:397,1
DA:398,3
DA:399,3
DA:400,1
DA:401,2
DA:404,1
DA:405,1
DA:406,1
DA:407,1
DA:409,2
DA:410,1
DA:411,1
DA:416,1
DA:417,2
DA:422,2
DA:423,0
DA:426,3
DA:427,1
DA:428,1
DA:433,1
DA:434,2
DA:439,2
DA:440,1
DA:443,1
DA:446,1
DA:447,1
DA:448,2
DA:449,1
DA:450,1
DA:451,1
DA:454,1
DA:455,1
DA:456,2
DA:457,1
DA:458,1
DA:459,1
DA:460,2
DA:461,1
DA:465,1
DA:466,1
DA:467,5
DA:468,1
DA:469,2
DA:470,1
DA:471,1
DA:472,1
DA:474,3
DA:478,1
DA:483,1
DA:484,2
DA:485,3
DA:486,1
DA:487,2
DA:488,4
DA:489,1
DA:490,2
DA:494,1
DA:495,1
DA:499,3
DA:500,1
DA:501,2
DA:502,2
DA:503,2
DA:504,1
DA:505,1
DA:506,1
DA:507,1
DA:508,1
DA:509,1
DA:510,1
DA:511,1
DA:512,1
DA:513,1
DA:514,1
DA:515,1
DA:516,1
DA:517,1
DA:518,1
DA:519,1
DA:520,1
DA:521,1
DA:522,1
DA:523,1
DA:524,1
DA:525,1
DA:526,1
DA:527,1
DA:528,1
DA:529,1
DA:530,1
DA:531,1
DA:532,1
DA:533,1
DA:534,1
DA:535,1
DA:536,1
DA:537,1
DA:538,1
DA:539,1
DA:540,1
DA:541,1
DA:542,1
DA:543,1
DA:546,1
DA:547,1
DA:551,1
DA:552,2
DA:553,1
DA:554,1
DA:555,1
DA:556,1
DA:557,1
DA:558,1
DA:559,1
DA:560,1
DA:561,1
DA:567,3
DA:568,1
DA:570,1
DA:571,4
DA:572,1
DA:574,4
DA:578,1
DA:579,1
DA:580,2
DA:581,2
DA:582,1
DA:583,1
DA:584,4
DA:585,1
DA:587,1
DA:592,3
DA:593,1
DA:594,1
DA:596,1
DA:597,1
DA:599,1
DA:600,1
DA:604,3
DA:605,1
DA:608,2
DA:609,2
DA:611,2
DA:613,2
DA:617,3
DA:618,1
DA:621,2
DA:622,3
DA:623,1
DA:625,2
DA:626,1
DA:627,4
DA:628,1
DA:630,2
LF:305
LH:291
end_of_record
TN:
SF:/home/todd/rust-bio/src/data_structures/qgram_index.rs
FN:51,new
FN:58,with_max_count
FN:99,q
FN:104,qgram_matches
FN:110,matches
FN:147,exact_matches
FN:203,get
FN:217,cmp
FN:223,partial_cmp
FN:240,setup
FN:248,test_qgram_matches
FN:262,test_matches
FN:280,test_exact_matches
FN:294,test_exact_matches_self
FNF:14
FNDA:1,new
FNDA:1,with_max_count
FNDA:0,q
FNDA:1,qgram_matches
FNDA:1,matches
FNDA:1,exact_matches
FNDA:1,get
FNDA:0,cmp
FNDA:0,partial_cmp
FNDA:1,setup
FNDA:3,test_qgram_matches
FNDA:3,test_matches
FNDA:3,test_exact_matches
FNDA:3,test_exact_matches_self
DA:51,1
DA:52,1
DA:58,1
DA:59,1
DA:61,2
DA:62,1
DA:63,1
DA:65,4
DA:66,1
DA:69,4
DA:70,1
DA:72,0
DA:76,4
DA:79,1
DA:80,4
DA:81,1
DA:82,2
DA:84,1
DA:85,1
DA:99,0
DA:100,0
DA:104,1
DA:105,1
DA:110,1
DA:111,1
DA:112,1
DA:113,4
DA:114,3
DA:115,1
DA:116,3
DA:117,2
DA:118,2
DA:119,1
DA:120,0
DA:121,1
DA:123,1
DA:124,0
DA:125,1
DA:127,0
DA:130,1
DA:131,2
DA:132,1
DA:133,2
DA:134,2
DA:139,2
DA:141,3
DA:147,1
DA:148,1
DA:149,1
DA:150,1
DA:152,5
DA:153,3
DA:154,1
DA:155,2
DA:156,2
DA:157,2
DA:158,1
DA:159,0
DA:160,1
DA:162,1
DA:163,0
DA:164,1
DA:168,1
DA:169,2
DA:170,2
DA:171,1
DA:172,2
DA:175,0
DA:177,0
DA:178,0
DA:179,0
DA:180,0
DA:186,4
DA:187,1
DA:190,0
DA:203,1
DA:204,1
DA:217,0
DA:218,0
DA:223,0
DA:224,0
DA:240,1
DA:241,1
DA:242,1
DA:244,1
DA:248,3
DA:249,1
DA:250,1
DA:251,1
DA:253,1
DA:255,3
DA:257,1
DA:258,1
DA:262,3
DA:263,1
DA:264,1
DA:265,1
DA:267,1
DA:268,1
DA:269,2
DA:280,3
DA:281,1
DA:282,1
DA:283,1
DA:285,1
DA:286,2
DA:287,2
DA:288,4
DA:289,1
DA:294,3
DA:295,1
DA:296,1
DA:297,1
DA:299,1
DA:300,2
LF:115
LH:97
end_of_record
TN:
SF:/home/todd/rust-bio/src/data_structures/rank_select.rs
FN:58,new
FN:73,k
FN:78,bits
FN:83,get
FN:93,rank_1
FN:122,rank_0
FN:127,rank
FN:137,select_1
FN:141,{{closure}}
FN:142,{{closure}}
FN:152,select_0
FN:156,{{closure}}
FN:157,{{closure}}
FN:161,select_x<closure-0,closure-1>
FN:202,select
FN:216,deref
FN:225,partial_cmp
FN:231,cmp
FN:246,superblocks
FN:281,test_select_start
FN:291,test_select_end
FN:300,test_rank_select
FN:326,test_rank_select2
FN:335,test_select
FN:350,test_single_select
FN:369,test_rank_k
FNF:26
FNDA:2,new
FNDA:0,k
FNDA:1,bits
FNDA:1,get
FNDA:2,rank_1
FNDA:2,rank_0
FNDA:0,rank
FNDA:2,select_1
FNDA:4,{{closure}}
FNDA:4,{{closure}}
FNDA:2,select_0
FNDA:4,{{closure}}
FNDA:4,{{closure}}
FNDA:4,select_x<closure-0,closure-1>
FNDA:0,select
FNDA:2,deref
FNDA:0,partial_cmp
FNDA:2,cmp
FNDA:2,superblocks
FNDA:3,test_select_start
FNDA:3,test_select_end
FNDA:3,test_rank_select
FNDA:3,test_rank_select2
FNDA:3,test_select
FNDA:3,test_single_select
FNDA:3,test_rank_k
DA:58,2
DA:59,2
DA:60,4
DA:66,2
DA:67,2
DA:73,0
DA:74,0
DA:78,1
DA:79,1
DA:83,1
DA:84,1
DA:93,2
DA:94,4
DA:95,2
DA:97,4
DA:98,2
DA:99,2
DA:101,4
DA:103,2
DA:104,6
DA:107,8
DA:108,2
DA:109,2
DA:112,2
DA:122,2
DA:123,6
DA:127,0
DA:128,0
DA:137,2
DA:138,2
DA:139,0
DA:140,2
DA:141,4
DA:142,4
DA:152,2
DA:153,2
DA:154,0
DA:155,2
DA:156,4
DA:157,4
DA:161,4
DA:168,4
DA:169,4
DA:171,5
DA:172,9
DA:174,8
DA:175,4
DA:177,4
DA:179,4
DA:180,16
DA:181,4
DA:182,4
DA:183,6
DA:184,4
DA:186,4
DA:187,12
DA:188,4
DA:189,4
DA:190,4
DA:192,8
DA:195,4
DA:198,4
DA:202,0
DA:203,0
DA:216,2
DA:217,2
DA:218,4
DA:219,1
DA:225,0
DA:226,0
DA:231,2
DA:232,2
DA:233,4
DA:234,2
DA:235,2
DA:236,1
DA:237,1
DA:240,2
DA:246,2
DA:247,2
DA:248,2
DA:249,2
DA:250,2
DA:251,4
DA:252,6
DA:253,2
DA:254,6
DA:255,7
DA:256,2
DA:258,1
DA:260,2
DA:262,6
DA:263,2
DA:265,2
DA:267,4
DA:281,3
DA:282,1
DA:283,1
DA:285,1
DA:287,2
DA:291,3
DA:292,1
DA:293,1
DA:295,1
DA:296,2
DA:300,3
DA:301,1
DA:302,1
DA:303,1
DA:304,1
DA:305,2
DA:306,2
DA:307,2
DA:308,2
DA:309,2
DA:310,2
DA:311,2
DA:312,2
DA:313,2
DA:314,2
DA:315,2
DA:316,2
DA:317,2
DA:318,2
DA:319,2
DA:320,2
DA:321,2
DA:322,2
DA:326,3
DA:327,1
DA:328,1
DA:329,1
DA:330,1
DA:331,2
DA:335,3
DA:336,1
DA:337,1
DA:339,2
DA:340,2
DA:342,2
DA:343,2
DA:345,2
DA:346,2
DA:350,3
DA:351,1
DA:352,1
DA:353,2
DA:354,2
DA:355,2
DA:356,2
DA:358,2
DA:359,1
DA:360,2
DA:361,2
DA:362,2
DA:363,2
DA:364,2
DA:365,2
DA:369,3
DA:370,1
DA:371,1
DA:372,1
DA:373,2
DA:374,2
DA:375,2
LF:165
LH:155
end_of_record
TN:
SF:/home/todd/rust-bio/src/data_structures/smallints.rs
FNF:0
DA:45,0
DA:46,0
DA:47,0
DA:51,0
DA:52,0
DA:59,0
DA:60,0
DA:64,0
DA:65,0
DA:66,0
DA:70,0
DA:71,0
DA:76,0
DA:77,0
DA:78,0
DA:81,0
DA:82,0
DA:86,0
DA:87,0
DA:92,0
DA:93,0
DA:94,0
DA:96,0
DA:101,0
DA:102,0
DA:103,0
DA:104,0
DA:105,0
DA:106,0
DA:107,0
DA:108,0
DA:114,0
DA:115,0
DA:116,0
DA:117,0
DA:118,0
DA:119,0
DA:120,0
DA:126,0
DA:129,0
DA:134,0
DA:135,0
DA:139,0
DA:140,0
DA:144,0
DA:145,0
DA:148,0
DA:149,0
DA:150,0
DA:152,0
DA:178,0
DA:179,0
DA:180,0
DA:181,0
LF:54
LH:0
end_of_record
TN:
SF:/home/todd/rust-bio/src/data_structures/suffix_array.rs
FN:221,suffix_array
FN:356,sentinel
FN:361,sentinel_count
FN:364,{{closure}}
FN:370,{{closure}}
FN:374,transform_text<u32>
FN:410,new
FN:422,init_bucket_start<u64>
FN:441,init_bucket_end<u8>
FN:450,lms_substring_eq<u8>
FN:477,sort_lms_suffixes<u32,u8>
FN:530,construct<u16>
FN:537,calc_lms_pos<u32>
FN:572,calc_pos<u32>
FN:645,new<u16>
FN:665,is_s_pos
FN:670,is_l_pos
FN:675,is_lms_pos
FN:692,{{closure}}
FN:704,{{closure}}
FN:709,{{closure}}
FN:723,{{closure}}
FN:740,{{closure}}
FN:752,{{closure}}
FN:759,{{closure}}
FN:766,{{closure}}
FN:771,str_from_pos
FN:782,{{closure}}
FNF:28
FNDA:1,suffix_array
FNDA:1,sentinel
FNDA:1,sentinel_count
FNDA:3,{{closure}}
FNDA:3,{{closure}}
FNDA:1,transform_text<u32>
FNDA:1,new
FNDA:2,init_bucket_start<u64>
FNDA:2,init_bucket_end<u8>
FNDA:2,lms_substring_eq<u8>
FNDA:4,sort_lms_suffixes<u32,u8>
FNDA:2,construct<u16>
FNDA:2,calc_lms_pos<u32>
FNDA:2,calc_pos<u32>
FNDA:2,new<u16>
FNDA:1,is_s_pos
FNDA:1,is_l_pos
FNDA:1,is_lms_pos
FNDA:3,{{closure}}
FNDA:4,{{closure}}
FNDA:3,{{closure}}
FNDA:3,{{closure}}
FNDA:3,{{closure}}
FNDA:3,{{closure}}
FNDA:3,{{closure}}
FNDA:3,{{closure}}
FNDA:1,str_from_pos
FNDA:3,{{closure}}
DA:107,1
DA:109,1
DA:110,1
DA:112,0
DA:116,0
DA:117,0
DA:120,0
DA:121,0
DA:221,1
DA:222,1
DA:223,1
DA:224,1
DA:225,1
DA:227,2
DA:228,2
DA:229,1
DA:231,0
DA:232,0
DA:234,0
DA:235,0
DA:237,0
DA:240,1
DA:356,1
DA:357,1
DA:361,1
DA:362,1
DA:363,1
DA:364,3
DA:369,2
DA:370,3
DA:374,1
DA:379,1
DA:380,1
DA:381,1
DA:383,2
DA:384,1
DA:385,4
DA:386,3
DA:387,1
DA:388,2
DA:390,1
DA:391,2
DA:410,1
DA:412,1
DA:413,1
DA:414,1
DA:415,1
DA:416,1
DA:417,1
DA:422,2
DA:423,2
DA:424,2
DA:426,6
DA:427,4
DA:428,2
DA:430,2
DA:433,2
DA:434,8
DA:435,2
DA:436,4
DA:441,2
DA:442,2
DA:443,6
DA:444,2
DA:446,4
DA:450,2
DA:457,6
DA:458,2
DA:459,2
DA:460,2
DA:462,2
DA:464,2
DA:466,1
DA:468,4
DA:470,2
DA:473,0
DA:477,4
DA:487,4
DA:489,4
DA:490,4
DA:491,8
DA:492,4
DA:493,12
DA:494,4
DA:496,8
DA:497,4
DA:499,4
DA:500,4
DA:506,9
DA:508,4
DA:510,4
DA:512,4
DA:513,12
DA:514,4
DA:519,1
DA:520,3
DA:521,2
DA:522,1
DA:530,2
DA:531,2
DA:532,2
DA:533,2
DA:537,2
DA:542,2
DA:545,2
DA:546,2
DA:547,6
DA:548,4
DA:549,2
DA:550,2
DA:551,2
DA:556,2
DA:558,2
DA:560,4
DA:561,2
DA:562,4
DA:563,2
DA:564,0
DA:565,0
DA:567,0
DA:572,2
DA:577,2
DA:578,2
DA:580,2
DA:581,2
DA:584,2
DA:587,6
DA:588,2
DA:589,2
DA:591,4
DA:595,2
DA:598,6
DA:599,2
DA:601,2
DA:602,0
DA:604,2
DA:605,6
DA:606,2
DA:607,2
DA:608,2
DA:613,8
DA:614,2
DA:615,2
DA:616,0
DA:618,2
DA:619,4
DA:620,2
DA:621,2
DA:623,4
DA:645,2
DA:646,2
DA:647,2
DA:648,2
DA:650,6
DA:651,6
DA:654,2
DA:655,2
DA:657,4
DA:665,1
DA:666,1
DA:670,1
DA:671,1
DA:675,1
DA:676,1
DA:692,3
DA:693,1
DA:694,1
DA:695,1
DA:696,2
DA:698,2
DA:700,1
DA:701,1
DA:702,1
DA:703,1
DA:704,4
DA:705,2
DA:709,3
DA:710,1
DA:711,1
DA:712,1
DA:713,2
DA:715,1
DA:716,1
DA:717,1
DA:718,1
DA:719,1
DA:723,3
DA:724,1
DA:725,1
DA:726,1
DA:727,2
DA:729,1
DA:730,1
DA:731,2
DA:732,2
DA:733,1
DA:735,1
DA:740,3
DA:741,1
DA:742,1
DA:743,1
DA:744,2
DA:746,1
DA:747,1
DA:748,1
DA:752,3
DA:753,1
DA:754,1
DA:755,1
DA:759,3
DA:760,1
DA:761,1
DA:762,1
DA:766,3
DA:767,1
DA:768,1
DA:771,1
DA:772,1
DA:773,1
DA:782,3
DA:783,2
DA:784,1
DA:785,1
DA:786,1
DA:789,1
DA:792,1
DA:799,3
DA:800,1
DA:801,4
DA:803,1
DA:804,2
DA:806,1
DA:807,1
DA:808,0
DA:813,0
DA:814,0
LF:236
LH:217
end_of_record
TN:
SF:/home/todd/rust-bio/src/data_structures/wavelet_matrix.rs
FN:44,build_partlevel
FN:161,test_wm_buildpaper
FN:188,test_wm_builddna
FN:216,test_wm_rank_overflowpanic
FN:223,test_wm_rank_firstpos
FN:230,test_wm_rank_lastpos
FN:237,test_wm_rank_1
FN:246,test_wm_rank_2
FN:255,test_wm_rank_all
FN:279,test_wm_rank_alldna
FNF:10
FNDA:1,build_partlevel
FNDA:3,test_wm_buildpaper
FNDA:3,test_wm_builddna
FNDA:4,test_wm_rank_overflowpanic
FNDA:3,test_wm_rank_firstpos
FNDA:3,test_wm_rank_lastpos
FNDA:3,test_wm_rank_1
FNDA:3,test_wm_rank_2
FNDA:3,test_wm_rank_all
FNDA:3,test_wm_rank_alldna
DA:44,1
DA:52,1
DA:53,3
DA:54,1
DA:55,1
DA:56,1
DA:57,3
DA:58,1
DA:60,1
DA:68,1
DA:69,1
DA:70,1
DA:72,1
DA:73,1
DA:75,1
DA:76,1
DA:78,5
DA:79,1
DA:80,1
DA:81,2
DA:82,3
DA:84,0
DA:85,0
DA:86,0
DA:87,0
DA:88,0
DA:92,0
DA:93,0
DA:94,0
DA:95,0
DA:96,0
DA:97,1
DA:100,1
DA:101,2
DA:103,1
DA:104,1
DA:105,1
DA:116,1
DA:117,1
DA:120,1
DA:121,2
DA:122,1
DA:124,1
DA:125,2
DA:127,1
DA:134,1
DA:135,1
DA:136,1
DA:138,1
DA:139,1
DA:140,2
DA:141,4
DA:142,1
DA:143,2
DA:144,3
DA:145,1
DA:146,2
DA:148,2
DA:149,1
DA:152,1
DA:161,3
DA:162,1
DA:163,1
DA:164,1
DA:165,1
DA:168,1
DA:171,1
DA:175,1
DA:177,2
DA:178,2
DA:179,4
DA:180,1
DA:181,4
DA:182,1
DA:188,3
DA:189,1
DA:190,1
DA:191,1
DA:192,1
DA:195,1
DA:198,1
DA:202,1
DA:204,2
DA:205,2
DA:206,4
DA:207,1
DA:208,4
DA:209,1
DA:216,4
DA:217,1
DA:218,1
DA:219,1
DA:223,3
DA:224,1
DA:225,1
DA:226,1
DA:230,3
DA:231,1
DA:232,1
DA:233,2
DA:237,3
DA:238,1
DA:239,1
DA:240,1
DA:241,2
DA:242,2
DA:246,3
DA:247,1
DA:248,1
DA:249,1
DA:250,2
DA:251,2
DA:255,3
DA:256,1
DA:257,1
DA:259,1
DA:260,1
DA:261,1
DA:262,1
DA:263,1
DA:264,1
DA:265,1
DA:266,1
DA:267,1
DA:270,1
DA:271,5
DA:272,3
DA:273,1
DA:279,3
DA:280,1
DA:281,1
DA:283,1
DA:284,1
DA:285,1
DA:286,1
DA:287,1
DA:288,1
DA:289,1
DA:292,1
DA:293,5
DA:294,3
DA:295,1
LF:142
LH:132
end_of_record
TN:
SF:/home/todd/rust-bio/src/io/bed.rs
FN:398,test_reader
FN:417,test_reader_compact
FN:432,test_reader_from_file_path_doesnt_exist_returns_err
FN:443,test_writer
FN:455,spliced_to_bed
FN:519,test_bed_from_contig
FN:538,test_bed_from_pos
FNF:7
FNDA:3,test_reader
FNDA:3,test_reader_compact
FNDA:3,test_reader_from_file_path_doesnt_exist_returns_err
FNDA:3,test_writer
FNDA:3,spliced_to_bed
FNDA:3,test_bed_from_contig
FNDA:3,test_bed_from_pos
DA:43,1
DA:44,2
DA:45,0
DA:46,3
DA:52,1
DA:54,3
DA:62,1
DA:64,1
DA:77,1
DA:78,1
DA:91,0
DA:92,0
DA:98,2
DA:100,6
DA:108,2
DA:109,2
DA:110,0
DA:111,0
DA:113,2
DA:114,2
DA:132,2
DA:134,1
DA:137,1
DA:142,1
DA:143,1
DA:147,1
DA:148,1
DA:152,1
DA:153,1
DA:157,1
DA:158,1
DA:162,1
DA:163,1
DA:167,1
DA:168,2
DA:169,2
DA:170,2
DA:171,0
DA:177,1
DA:178,1
DA:179,2
DA:180,1
DA:182,0
DA:187,1
DA:188,1
DA:192,1
DA:193,1
DA:197,1
DA:198,1
DA:202,1
DA:203,3
DA:204,1
DA:206,2
DA:211,1
DA:212,1
DA:213,0
DA:215,2
DA:216,1
DA:218,0
DA:223,1
DA:224,1
DA:245,0
DA:247,0
DA:248,0
DA:249,0
DA:250,0
DA:264,1
DA:265,1
DA:266,3
DA:267,1
DA:268,1
DA:269,1
DA:270,1
DA:271,1
DA:272,0
DA:284,1
DA:285,1
DA:286,3
DA:287,1
DA:288,1
DA:289,1
DA:290,1
DA:291,1
DA:292,0
DA:352,1
DA:353,1
DA:354,3
DA:355,1
DA:356,1
DA:357,1
DA:358,1
DA:359,1
DA:360,1
DA:361,1
DA:362,1
DA:363,0
DA:364,0
DA:366,1
DA:368,1
DA:370,1
DA:371,4
DA:372,1
DA:374,1
DA:376,1
DA:377,4
DA:378,1
DA:380,1
DA:381,1
DA:398,3
DA:399,1
DA:400,1
DA:401,1
DA:402,1
DA:403,1
DA:405,1
DA:406,4
DA:407,1
DA:408,2
DA:409,2
DA:410,2
DA:411,2
DA:412,2
DA:417,3
DA:418,1
DA:419,1
DA:420,1
DA:422,1
DA:423,4
DA:424,1
DA:425,2
DA:426,2
DA:427,2
DA:432,3
DA:433,1
DA:434,1
DA:439,1
DA:443,3
DA:444,1
DA:445,2
DA:446,4
DA:447,1
DA:448,1
DA:451,1
DA:455,3
DA:458,1
DA:462,1
DA:465,1
DA:467,1
DA:468,1
DA:469,1
DA:470,2
DA:472,1
DA:474,1
DA:479,1
DA:483,1
DA:486,1
DA:488,1
DA:489,1
DA:490,1
DA:491,2
DA:493,1
DA:495,1
DA:500,1
DA:504,1
DA:507,1
DA:509,1
DA:510,1
DA:511,1
DA:512,2
DA:514,1
DA:515,1
DA:519,3
DA:521,1
DA:524,1
DA:527,1
DA:529,2
DA:530,1
DA:531,2
DA:532,2
DA:533,2
DA:534,2
DA:538,3
DA:539,1
DA:541,1
DA:543,2
DA:544,1
DA:545,2
DA:546,2
DA:547,2
DA:548,2
LF:190
LH:172
end_of_record
TN:
SF:/home/todd/rust-bio/src/io/fasta.rs
FN:334,sequences
FN:338,{{closure}}
FN:820,new
FN:841,with_attrs
FN:854,is_empty
FN:859,check
FN:871,id
FN:876,desc
FN:884,seq
FN:889,clear
FN:925,fmt
FN:1047,test_reader
FN:1066,test_faread_trait
FN:1087,test_reader_wrong_header
FN:1097,test_reader_no_id
FN:1108,test_reader_non_ascii_sequence
FN:1119,test_reader_read_fails
FN:1132,test_reader_read_fails_iter
FN:1150,test_reader_from_file_path_doesnt_exist_returns_err
FN:1161,test_record_with_attrs_without_description
FN:1169,test_record_with_attrs_with_description
FN:1177,test_index_sequences
FN:1199,test_indexed_reader
FN:1206,test_indexed_reader_crlf
FN:1211,test_indexed_reader_iter
FN:1218,test_indexed_reader_iter_crlf
FN:1222,_test_indexed_reader<fn(&mut bio::io::fasta::IndexedReader<std::io::cursor::Cursor<&[u8]>>, &str, u64, u64) -> core::result::Result<alloc::vec::Vec<u8, alloc::alloc::Global>, std::io::error::Error>>
FN:1253,_test_indexed_reader_truncated<fn(&mut bio::io::fasta::IndexedReader<std::io::cursor::Cursor<&[u8]>>, &str, u64, u64) -> core::result::Result<alloc::vec::Vec<u8, alloc::alloc::Global>, std::io::error::Error>>
FN:1265,_test_indexed_reader_extreme_whitespace<fn(&mut bio::io::fasta::IndexedReader<std::io::cursor::Cursor<alloc::vec::Vec<u8, alloc::alloc::Global>>>, &str, u64, u64) -> core::result::Result<alloc::vec::Vec<u8, alloc::alloc::Global>, std::io::error::Error>>
FN:1284,_read_buffer<std::io::cursor::Cursor<&[u8]>>
FN:1300,_read_iter<std::io::cursor::Cursor<alloc::vec::Vec<u8, alloc::alloc::Global>>>
FN:1319,test_indexed_reader_all
FN:1324,test_indexed_reader_crlf_all
FN:1329,test_indexed_reader_iter_all
FN:1334,test_indexed_reader_iter_crlf_all
FN:1338,_test_indexed_reader_all<fn(&mut bio::io::fasta::IndexedReader<std::io::cursor::Cursor<&[u8]>>, &str) -> core::result::Result<alloc::vec::Vec<u8, alloc::alloc::Global>, std::io::error::Error>>
FN:1354,_read_buffer_all<std::io::cursor::Cursor<&[u8]>>
FN:1365,_read_iter_all<std::io::cursor::Cursor<&[u8]>>
FN:1379,test_indexed_reader_by_rid_all
FN:1384,test_indexed_reader_crlf_by_rid_all
FN:1389,test_indexed_reader_iter_by_rid_all
FN:1394,test_indexed_reader_iter_crlf_by_rid_all
FN:1398,_test_indexed_reader_by_rid_all<fn(&mut bio::io::fasta::IndexedReader<std::io::cursor::Cursor<&[u8]>>, usize) -> core::result::Result<alloc::vec::Vec<u8, alloc::alloc::Global>, std::io::error::Error>>
FN:1414,_read_buffer_by_rid_all<std::io::cursor::Cursor<&[u8]>>
FN:1428,_read_iter_by_rid_all<std::io::cursor::Cursor<&[u8]>>
FN:1445,test_indexed_reader_iter_size_hint
FN:1460,test_indexed_reader_reused_buffer
FN:1474,test_indexed_reader_no_trailing_lf
FN:1488,test_indexed_reader_bad_reader
FN:1500,test_indexed_reader_read_seek_fails
FN:1512,test_indexed_reader_read_read_fails
FN:1524,test_indexed_reader_iter_seek_fails
FN:1535,test_indexed_reader_iter_read_fails
FN:1551,test_indexed_reader_no_fetch_read_fails
FN:1562,test_indexed_reader_no_fetch_read_iter_fails
FN:1572,test_writer
FN:1581,test_display_record_no_desc_id_without_space_after
FN:1594,test_display_record_with_desc_id_has_space_between_id_and_desc
FN:1607,test_index_record_idx_by_rid_invalid_index_returns_error
FN:1622,test_index_record_fetch_by_rid_second_index_returns_second_record
FN:1645,test_writer_to_file_dir_doesnt_exist_returns_err
FN:1655,test_writer_to_file_dir_exists_returns_ok
FN:1663,test_write_record
FNF:63
FNDA:1,sequences
FNDA:2,{{closure}}
FNDA:1,new
FNDA:1,with_attrs
FNDA:1,is_empty
FNDA:1,check
FNDA:1,id
FNDA:1,desc
FNDA:1,seq
FNDA:1,clear
FNDA:1,fmt
FNDA:3,test_reader
FNDA:3,test_faread_trait
FNDA:3,test_reader_wrong_header
FNDA:3,test_reader_no_id
FNDA:3,test_reader_non_ascii_sequence
FNDA:3,test_reader_read_fails
FNDA:3,test_reader_read_fails_iter
FNDA:3,test_reader_from_file_path_doesnt_exist_returns_err
FNDA:3,test_record_with_attrs_without_description
FNDA:3,test_record_with_attrs_with_description
FNDA:3,test_index_sequences
FNDA:3,test_indexed_reader
FNDA:3,test_indexed_reader_crlf
FNDA:3,test_indexed_reader_iter
FNDA:3,test_indexed_reader_iter_crlf
FNDA:2,_test_indexed_reader<fn(&mut bio::io::fasta::IndexedReader<std::io::cursor::Cursor<&[u8]>>, &str, u64, u64) -> core::result::Result<alloc::vec::Vec<u8, alloc::alloc::Global>, std::io::error::Error>>
FNDA:2,_test_indexed_reader_truncated<fn(&mut bio::io::fasta::IndexedReader<std::io::cursor::Cursor<&[u8]>>, &str, u64, u64) -> core::result::Result<alloc::vec::Vec<u8, alloc::alloc::Global>, std::io::error::Error>>
FNDA:2,_test_indexed_reader_extreme_whitespace<fn(&mut bio::io::fasta::IndexedReader<std::io::cursor::Cursor<alloc::vec::Vec<u8, alloc::alloc::Global>>>, &str, u64, u64) -> core::result::Result<alloc::vec::Vec<u8, alloc::alloc::Global>, std::io::error::Error>>
FNDA:2,_read_buffer<std::io::cursor::Cursor<&[u8]>>
FNDA:2,_read_iter<std::io::cursor::Cursor<alloc::vec::Vec<u8, alloc::alloc::Global>>>
FNDA:3,test_indexed_reader_all
FNDA:3,test_indexed_reader_crlf_all
FNDA:3,test_indexed_reader_iter_all
FNDA:3,test_indexed_reader_iter_crlf_all
FNDA:2,_test_indexed_reader_all<fn(&mut bio::io::fasta::IndexedReader<std::io::cursor::Cursor<&[u8]>>, &str) -> core::result::Result<alloc::vec::Vec<u8, alloc::alloc::Global>, std::io::error::Error>>
FNDA:1,_read_buffer_all<std::io::cursor::Cursor<&[u8]>>
FNDA:1,_read_iter_all<std::io::cursor::Cursor<&[u8]>>
FNDA:3,test_indexed_reader_by_rid_all
FNDA:3,test_indexed_reader_crlf_by_rid_all
FNDA:3,test_indexed_reader_iter_by_rid_all
FNDA:3,test_indexed_reader_iter_crlf_by_rid_all
FNDA:2,_test_indexed_reader_by_rid_all<fn(&mut bio::io::fasta::IndexedReader<std::io::cursor::Cursor<&[u8]>>, usize) -> core::result::Result<alloc::vec::Vec<u8, alloc::alloc::Global>, std::io::error::Error>>
FNDA:1,_read_buffer_by_rid_all<std::io::cursor::Cursor<&[u8]>>
FNDA:1,_read_iter_by_rid_all<std::io::cursor::Cursor<&[u8]>>
FNDA:3,test_indexed_reader_iter_size_hint
FNDA:3,test_indexed_reader_reused_buffer
FNDA:3,test_indexed_reader_no_trailing_lf
FNDA:3,test_indexed_reader_bad_reader
FNDA:3,test_indexed_reader_read_seek_fails
FNDA:3,test_indexed_reader_read_read_fails
FNDA:3,test_indexed_reader_iter_seek_fails
FNDA:3,test_indexed_reader_iter_read_fails
FNDA:3,test_indexed_reader_no_fetch_read_fails
FNDA:3,test_indexed_reader_no_fetch_read_iter_fails
FNDA:3,test_writer
FNDA:3,test_display_record_no_desc_id_without_space_after
FNDA:3,test_display_record_with_desc_id_has_space_between_id_and_desc
FNDA:3,test_index_record_idx_by_rid_invalid_index_returns_error
FNDA:3,test_index_record_fetch_by_rid_second_index_returns_second_record
FNDA:3,test_writer_to_file_dir_doesnt_exist_returns_err
FNDA:3,test_writer_to_file_dir_exists_returns_ok
FNDA:3,test_write_record
DA:161,1
DA:162,2
DA:163,0
DA:164,3
DA:182,3
DA:184,3
DA:185,3
DA:209,2
DA:216,1
DA:260,3
DA:261,3
DA:262,5
DA:263,4
DA:264,4
DA:265,1
DA:269,2
DA:270,1
DA:271,1
DA:272,0
DA:275,4
DA:276,6
DA:277,8
DA:278,4
DA:279,2
DA:280,2
DA:281,4
DA:282,0
DA:284,4
DA:287,2
DA:300,2
DA:301,2
DA:302,2
DA:304,8
DA:307,2
DA:308,8
DA:309,2
DA:310,4
DA:311,2
DA:313,2
DA:317,0
DA:318,0
DA:319,0
DA:320,0
DA:321,0
DA:326,0
DA:327,0
DA:328,0
DA:330,0
DA:334,1
DA:336,1
DA:338,2
DA:339,1
DA:340,1
DA:359,0
DA:360,0
DA:361,0
DA:362,0
DA:363,0
DA:364,0
DA:371,3
DA:372,6
DA:373,3
DA:374,3
DA:375,3
DA:376,3
DA:377,3
DA:378,3
DA:384,0
DA:386,0
DA:422,3
DA:423,4
DA:424,3
DA:425,3
DA:426,6
DA:427,3
DA:458,1
DA:459,1
DA:460,1
DA:461,1
DA:462,2
DA:463,1
DA:467,1
DA:468,1
DA:469,1
DA:470,1
DA:471,2
DA:472,1
DA:476,1
DA:477,1
DA:478,1
DA:479,1
DA:480,2
DA:481,1
DA:485,3
DA:486,3
DA:487,4
DA:488,9
DA:489,2
DA:490,1
DA:491,0
DA:497,3
DA:498,3
DA:499,4
DA:500,9
DA:501,2
DA:502,1
DA:503,0
DA:508,3
DA:515,3
DA:516,1
DA:517,1
DA:518,0
DA:520,3
DA:521,1
DA:522,1
DA:523,0
DA:527,6
DA:528,7
DA:530,6
DA:531,6
DA:532,6
DA:535,3
DA:538,3
DA:544,3
DA:545,1
DA:546,1
DA:547,0
DA:549,3
DA:550,1
DA:551,1
DA:552,0
DA:556,6
DA:557,7
DA:559,0
DA:560,3
DA:563,3
DA:564,0
DA:565,3
DA:566,0
DA:567,0
DA:568,3
DA:569,0
DA:574,3
DA:575,4
DA:576,6
DA:577,1
DA:578,1
DA:579,2
DA:585,3
DA:586,4
DA:587,6
DA:588,2
DA:589,1
DA:590,0
DA:597,3
DA:598,3
DA:600,6
DA:601,6
DA:602,6
DA:603,7
DA:605,3
DA:613,3
DA:620,3
DA:621,4
DA:622,6
DA:623,1
DA:624,1
DA:625,0
DA:629,6
DA:630,6
DA:632,8
DA:633,2
DA:635,2
DA:637,2
DA:640,3
DA:641,3
DA:644,3
DA:646,3
DA:647,6
DA:648,6
DA:649,2
DA:652,3
DA:683,3
DA:684,3
DA:686,3
DA:687,3
DA:690,5
DA:691,10
DA:692,3
DA:693,3
DA:694,0
DA:695,3
DA:699,2
DA:700,2
DA:707,3
DA:708,4
DA:709,1
DA:710,1
DA:711,1
DA:712,8
DA:713,3
DA:714,2
DA:715,4
DA:717,2
DA:720,2
DA:721,2
DA:723,3
DA:727,1
DA:728,1
DA:730,1
DA:743,1
DA:744,1
DA:750,2
DA:752,2
DA:785,1
DA:786,1
DA:790,2
DA:791,2
DA:792,4
DA:793,7
DA:794,4
DA:795,4
DA:797,4
DA:798,4
DA:799,4
DA:801,2
DA:805,1
DA:806,1
DA:820,1
DA:822,1
DA:824,1
DA:841,1
DA:842,2
DA:843,2
DA:844,1
DA:847,1
DA:849,3
DA:854,1
DA:855,1
DA:859,1
DA:860,1
DA:861,1
DA:863,2
DA:864,1
DA:867,1
DA:871,1
DA:872,1
DA:876,1
DA:877,2
DA:878,2
DA:879,1
DA:884,1
DA:885,1
DA:889,1
DA:890,1
DA:891,1
DA:892,1
DA:925,1
DA:926,2
DA:927,3
DA:928,2
DA:930,1
DA:931,0
DA:933,0
DA:934,3
DA:949,2
DA:950,4
DA:951,1
DA:953,2
DA:954,4
DA:955,5
DA:956,1
DA:957,1
DA:958,1
DA:959,1
DA:1023,1
DA:1024,2
DA:1025,1
DA:1027,2
DA:1033,1
DA:1034,1
DA:1035,2
DA:1036,1
DA:1038,1
DA:1047,3
DA:1048,1
DA:1049,1
DA:1050,1
DA:1051,1
DA:1056,3
DA:1057,1
DA:1058,2
DA:1059,2
DA:1060,2
DA:1061,2
DA:1066,3
DA:1067,1
DA:1068,2
DA:1069,3
DA:1070,0
DA:1074,1
DA:1075,2
DA:1077,1
DA:1078,2
DA:1079,2
DA:1080,1
DA:1081,2
DA:1082,1
DA:1087,3
DA:1088,1
DA:1089,1
DA:1090,1
DA:1091,2
DA:1097,3
DA:1098,1
DA:1099,1
DA:1100,2
DA:1101,1
DA:1102,1
DA:1108,3
DA:1109,1
DA:1110,1
DA:1111,2
DA:1112,1
DA:1113,1
DA:1119,3
DA:1120,1
DA:1124,1
DA:1125,1
DA:1126,2
DA:1132,3
DA:1133,1
DA:1137,1
DA:1139,1
DA:1140,2
DA:1143,1
DA:1144,2
DA:1150,3
DA:1151,1
DA:1152,1
DA:1157,1
DA:1161,3
DA:1162,1
DA:1163,2
DA:1164,2
DA:1165,2
DA:1169,3
DA:1170,1
DA:1171,2
DA:1172,2
DA:1173,2
DA:1177,3
DA:1178,1
DA:1180,1
DA:1181,2
DA:1182,1
DA:1183,1
DA:1184,1
DA:1185,1
DA:1189,1
DA:1190,1
DA:1191,1
DA:1192,1
DA:1199,3
DA:1200,1
DA:1201,1
DA:1202,1
DA:1206,3
DA:1207,1
DA:1211,3
DA:1212,1
DA:1213,1
DA:1214,1
DA:1218,3
DA:1219,1
DA:1222,2
DA:1226,4
DA:1229,4
DA:1230,2
DA:1231,2
DA:1234,2
DA:1235,2
DA:1236,2
DA:1239,2
DA:1240,2
DA:1243,2
DA:1244,2
DA:1246,2
DA:1248,2
DA:1249,4
DA:1250,4
DA:1253,2
DA:1257,4
DA:1259,4
DA:1260,2
DA:1261,4
DA:1262,4
DA:1265,2
DA:1272,2
DA:1273,2
DA:1274,2
DA:1275,2
DA:1277,2
DA:1278,4
DA:1279,2
DA:1281,4
DA:1284,2
DA:1293,2
DA:1294,5
DA:1295,5
DA:1297,2
DA:1300,2
DA:1309,2
DA:1310,5
DA:1311,10
DA:1312,2
DA:1315,2
DA:1319,3
DA:1320,1
DA:1324,3
DA:1325,1
DA:1329,3
DA:1330,1
DA:1334,3
DA:1335,1
DA:1338,2
DA:1342,4
DA:1344,2
DA:1345,2
DA:1346,2
DA:1348,2
DA:1349,2
DA:1350,2
DA:1354,1
DA:1358,1
DA:1359,2
DA:1360,2
DA:1362,1
DA:1365,1
DA:1369,1
DA:1370,2
DA:1371,5
DA:1372,1
DA:1375,1
DA:1379,3
DA:1380,1
DA:1384,3
DA:1385,1
DA:1389,3
DA:1390,1
DA:1394,3
DA:1395,1
DA:1398,2
DA:1402,4
DA:1404,2
DA:1405,2
DA:1406,2
DA:1408,2
DA:1409,2
DA:1410,2
DA:1414,1
DA:1421,1
DA:1422,2
DA:1423,2
DA:1425,1
DA:1428,1
DA:1435,1
DA:1436,2
DA:1437,5
DA:1438,1
DA:1441,1
DA:1445,3
DA:1446,1
DA:1447,1
DA:1448,1
DA:1450,2
DA:1451,2
DA:1452,2
DA:1453,2
DA:1454,2
DA:1455,2
DA:1456,2
DA:1460,3
DA:1461,1
DA:1462,1
DA:1464,2
DA:1465,1
DA:1466,1
DA:1468,2
DA:1469,1
DA:1470,1
DA:1474,3
DA:1476,1
DA:1480,1
DA:1482,2
DA:1483,1
DA:1484,1
DA:1488,3
DA:1493,1
DA:1494,1
DA:1495,2
DA:1496,1
DA:1500,3
DA:1505,1
DA:1506,1
DA:1507,2
DA:1508,1
DA:1512,3
DA:1517,1
DA:1518,1
DA:1519,2
DA:1520,1
DA:1524,3
DA:1529,1
DA:1530,1
DA:1531,1
DA:1535,3
DA:1540,1
DA:1541,1
DA:1542,1
DA:1543,2
DA:1544,1
DA:1545,2
DA:1551,3
DA:1556,1
DA:1557,1
DA:1558,3
DA:1562,3
DA:1567,1
DA:1568,2
DA:1572,3
DA:1573,1
DA:1574,1
DA:1575,1
DA:1576,1
DA:1577,1
DA:1581,3
DA:1582,1
DA:1583,3
DA:1584,1
DA:1585,1
DA:1586,3
DA:1588,1
DA:1590,1
DA:1594,3
DA:1595,1
DA:1596,3
DA:1597,1
DA:1598,1
DA:1599,3
DA:1601,1
DA:1603,1
DA:1607,3
DA:1612,1
DA:1614,2
DA:1615,1
DA:1617,3
DA:1618,4
DA:1622,3
DA:1627,1
DA:1629,1
DA:1631,2
DA:1632,3
DA:1634,1
DA:1635,1
DA:1645,3
DA:1646,1
DA:1648,1
DA:1649,1
DA:1651,3
DA:1655,3
DA:1656,1
DA:1657,1
DA:1659,2
DA:1663,3
DA:1664,1
DA:1665,1
DA:1667,1
DA:1668,1
DA:1669,1
DA:1671,2
DA:1672,2
DA:1675,1
DA:1676,1
DA:1678,2
DA:1679,2
LF:586
LH:549
end_of_record
TN:
SF:/home/todd/rust-bio/src/io/fastq.rs
FN:566,test_reader
FN:581,test_display_record_no_desc_id_without_space_after
FN:594,test_display_record_with_desc_id_has_space_between_id_and_desc
FN:607,test_fqread_trait
FN:626,test_record_with_attrs
FN:635,test_writer
FN:645,test_check_record_id_is_empty_raises_err
FN:655,test_check_record_seq_is_not_ascii_raises_err
FN:665,test_check_record_quality_is_not_ascii_raises_err
FN:675,test_check_record_quality_and_seq_diff_len_raises_err
FN:685,test_check_valid_record
FN:692,test_read_header_does_not_start_with_correct_char_raises_err
FN:703,test_read_quality_is_empty_raises_err
FN:714,test_read_sequence_and_quality_are_wrapped_is_handled_with_one_sequence
FN:726,test_read_sequence_and_quality_are_wrapped_is_handled_with_three_sequences
FN:748,test_read_wrapped_record_with_inconsistent_wrapping_errors
FN:760,test_record_iterator_next_read_returns_err_causes_next_to_return_some_err
FN:770,test_reader_from_file_path_doesnt_exist_returns_err
FN:781,test_reader_from_file_path_exists_returns_ok
FN:788,test_sequence_read_for_record_trait_method_name
FN:798,test_sequence_read_for_record_trait_method_base_idx_in_range
FN:813,test_sequence_read_for_record_trait_method_base_idx_out_of_range
FN:825,test_sequence_read_for_record_trait_method_base_qual_idx_in_range
FN:840,test_sequence_read_for_record_trait_method_base_qual_idx_out_of_range
FN:852,test_sequence_read_for_record_trait_method_len
FN:865,test_writer_to_file_dir_doesnt_exist_returns_err
FN:875,test_writer_to_file_dir_exists_returns_ok
FN:883,test_write_record
FNF:28
FNDA:3,test_reader
FNDA:3,test_display_record_no_desc_id_without_space_after
FNDA:3,test_display_record_with_desc_id_has_space_between_id_and_desc
FNDA:3,test_fqread_trait
FNDA:3,test_record_with_attrs
FNDA:3,test_writer
FNDA:3,test_check_record_id_is_empty_raises_err
FNDA:3,test_check_record_seq_is_not_ascii_raises_err
FNDA:3,test_check_record_quality_is_not_ascii_raises_err
FNDA:3,test_check_record_quality_and_seq_diff_len_raises_err
FNDA:3,test_check_valid_record
FNDA:3,test_read_header_does_not_start_with_correct_char_raises_err
FNDA:3,test_read_quality_is_empty_raises_err
FNDA:3,test_read_sequence_and_quality_are_wrapped_is_handled_with_one_sequence
FNDA:3,test_read_sequence_and_quality_are_wrapped_is_handled_with_three_sequences
FNDA:3,test_read_wrapped_record_with_inconsistent_wrapping_errors
FNDA:3,test_record_iterator_next_read_returns_err_causes_next_to_return_some_err
FNDA:3,test_reader_from_file_path_doesnt_exist_returns_err
FNDA:3,test_reader_from_file_path_exists_returns_ok
FNDA:3,test_sequence_read_for_record_trait_method_name
FNDA:3,test_sequence_read_for_record_trait_method_base_idx_in_range
FNDA:4,test_sequence_read_for_record_trait_method_base_idx_out_of_range
FNDA:3,test_sequence_read_for_record_trait_method_base_qual_idx_in_range
FNDA:4,test_sequence_read_for_record_trait_method_base_qual_idx_out_of_range
FNDA:3,test_sequence_read_for_record_trait_method_len
FNDA:3,test_writer_to_file_dir_doesnt_exist_returns_err
FNDA:3,test_writer_to_file_dir_exists_returns_ok
FNDA:3,test_write_record
DA:147,1
DA:148,3
DA:149,3
DA:150,1
DA:151,1
DA:153,0
DA:154,3
DA:160,3
DA:162,3
DA:163,3
DA:187,1
DA:191,0
DA:241,2
DA:242,2
DA:243,2
DA:245,2
DA:247,6
DA:248,2
DA:249,1
DA:251,4
DA:252,2
DA:253,8
DA:254,2
DA:256,2
DA:258,2
DA:259,6
DA:260,2
DA:261,2
DA:262,2
DA:263,4
DA:266,8
DA:267,2
DA:268,4
DA:269,2
DA:270,2
DA:271,4
DA:274,4
DA:275,1
DA:279,2
DA:294,1
DA:296,1
DA:298,1
DA:299,1
DA:316,1
DA:317,2
DA:318,2
DA:319,1
DA:322,1
DA:324,3
DA:325,2
DA:342,1
DA:343,1
DA:367,1
DA:368,1
DA:369,1
DA:371,2
DA:372,1
DA:374,2
DA:375,1
DA:377,2
DA:378,1
DA:381,1
DA:385,1
DA:386,1
DA:390,1
DA:391,2
DA:392,2
DA:393,1
DA:398,1
DA:399,1
DA:403,1
DA:404,1
DA:408,1
DA:409,1
DA:410,1
DA:411,1
DA:412,1
DA:445,1
DA:446,2
DA:447,3
DA:448,2
DA:450,1
DA:451,0
DA:453,0
DA:454,3
DA:455,1
DA:461,1
DA:462,1
DA:465,1
DA:466,2
DA:469,1
DA:470,2
DA:473,1
DA:474,1
DA:487,1
DA:488,1
DA:489,3
DA:490,4
DA:491,1
DA:492,1
DA:506,1
DA:507,1
DA:513,2
DA:515,2
DA:520,1
DA:521,1
DA:525,2
DA:532,2
DA:533,4
DA:534,6
DA:535,4
DA:536,4
DA:538,4
DA:539,4
DA:540,4
DA:541,4
DA:542,4
DA:544,2
DA:548,1
DA:549,1
DA:566,3
DA:567,1
DA:568,1
DA:569,1
DA:570,4
DA:571,1
DA:572,2
DA:573,2
DA:574,2
DA:575,2
DA:576,2
DA:581,3
DA:582,1
DA:583,3
DA:584,1
DA:585,1
DA:586,3
DA:588,1
DA:590,1
DA:594,3
DA:595,1
DA:596,3
DA:597,1
DA:598,1
DA:599,3
DA:601,1
DA:603,1
DA:607,3
DA:608,1
DA:609,2
DA:610,3
DA:611,0
DA:615,1
DA:616,2
DA:618,1
DA:619,2
DA:620,2
DA:621,2
DA:622,2
DA:626,3
DA:627,1
DA:628,2
DA:629,2
DA:630,2
DA:631,2
DA:635,3
DA:636,1
DA:637,1
DA:638,1
DA:640,1
DA:641,1
DA:645,3
DA:646,1
DA:648,2
DA:649,1
DA:651,1
DA:655,3
DA:656,1
DA:658,2
DA:659,1
DA:661,1
DA:665,3
DA:666,1
DA:668,2
DA:669,1
DA:671,1
DA:675,3
DA:676,1
DA:678,2
DA:679,1
DA:681,1
DA:685,3
[...]
DA:826,1
DA:827,1
DA:829,1
DA:830,1
DA:833,1
DA:834,4
DA:835,1
DA:836,1
DA:837,1
LF:262
LH:221
end_of_record
TN:
SF:/home/todd/rust-bio/src/stats/pairhmm/homopolypairhmm.rs
FN:139,space_bits
FN:149,interleave_bits
FN:184,new<bio::stats::pairhmm::homopolypairhmm::tests::NoGapParams,bio::stats::pairhmm::homopolypairhmm::tests::TestHopParams>
FN:459,build_transition_table<bio::stats::pairhmm::homopolypairhmm::tests::TestExtendGapParams,bio::stats::pairhmm::homopolypairhmm::tests::TestNoHopParams>
FN:475,{{closure}}<bio::stats::pairhmm::homopolypairhmm::tests::TestExtendGapParams,bio::stats::pairhmm::homopolypairhmm::tests::TestNoHopParams>
FN:478,{{closure}}<bio::stats::pairhmm::homopolypairhmm::tests::TestSingleGapParams,bio::stats::pairhmm::homopolypairhmm::tests::TestNoHopParams>
FN:481,{{closure}}<bio::stats::pairhmm::homopolypairhmm::tests::TestExtendGapParams,bio::stats::pairhmm::homopolypairhmm::tests::TestNoHopParams>
FN:484,{{closure}}<bio::stats::pairhmm::homopolypairhmm::tests::TestSingleGapParams,bio::stats::pairhmm::homopolypairhmm::tests::TestNoHopParams>
FN:487,{{closure}}<bio::stats::pairhmm::homopolypairhmm::tests::TestExtendGapParams,bio::stats::pairhmm::homopolypairhmm::tests::TestNoHopParams>
FN:490,{{closure}}<bio::stats::pairhmm::homopolypairhmm::tests::TestExtendGapParams,bio::stats::pairhmm::homopolypairhmm::tests::TestNoHopParams>
FN:498,{{closure}}<bio::stats::pairhmm::homopolypairhmm::tests::NoGapParams,bio::stats::pairhmm::homopolypairhmm::tests::TestHopParams>
FN:501,{{closure}}<bio::stats::pairhmm::homopolypairhmm::tests::TestSingleGapParams,bio::stats::pairhmm::homopolypairhmm::tests::TestNoHopParams>
FN:505,{{closure}}<bio::stats::pairhmm::homopolypairhmm::tests::TestExtendGapParams,bio::stats::pairhmm::homopolypairhmm::tests::TestNoHopParams>
FN:508,{{closure}}<bio::stats::pairhmm::homopolypairhmm::tests::TestSingleGapParams,bio::stats::pairhmm::homopolypairhmm::tests::TestNoHopParams>
FN:511,{{closure}}<bio::stats::pairhmm::homopolypairhmm::tests::TestExtendGapParams,bio::stats::pairhmm::homopolypairhmm::tests::TestNoHopParams>
FN:514,{{closure}}<bio::stats::pairhmm::homopolypairhmm::tests::TestExtendGapParams,bio::stats::pairhmm::homopolypairhmm::tests::TestNoHopParams>
FN:534,min3<usize>
FN:747,impossible_global_alignment
FN:758,test_hompolymer_run_in_y
FN:786,test_hompolymer_run_in_x
FN:816,test_interleave_gaps_x
FN:845,test_interleave_gaps_y
FN:879,test_same
FN:896,test_gap_x
FN:923,test_gap_x_2
FN:950,test_gap_y
FN:978,test_multigap_y
FN:1001,test_mismatch
FN:1023,test_banded
FN:1041,test_phmm_vs_phhmm
FN:1077,prob_emit_x_or_y
FNF:31
FNDA:1,space_bits
FNDA:1,interleave_bits
FNDA:3,new<bio::stats::pairhmm::homopolypairhmm::tests::NoGapParams,bio::stats::pairhmm::homopolypairhmm::tests::TestHopParams>
FNDA:3,build_transition_table<bio::stats::pairhmm::homopolypairhmm::tests::TestExtendGapParams,bio::stats::pairhmm::homopolypairhmm::tests::TestNoHopParams>
FNDA:9,{{closure}}<bio::stats::pairhmm::homopolypairhmm::tests::TestExtendGapParams,bio::stats::pairhmm::homopolypairhmm::tests::TestNoHopParams>
FNDA:9,{{closure}}<bio::stats::pairhmm::homopolypairhmm::tests::TestSingleGapParams,bio::stats::pairhmm::homopolypairhmm::tests::TestNoHopParams>
FNDA:9,{{closure}}<bio::stats::pairhmm::homopolypairhmm::tests::TestExtendGapParams,bio::stats::pairhmm::homopolypairhmm::tests::TestNoHopParams>
FNDA:9,{{closure}}<bio::stats::pairhmm::homopolypairhmm::tests::TestSingleGapParams,bio::stats::pairhmm::homopolypairhmm::tests::TestNoHopParams>
FNDA:9,{{closure}}<bio::stats::pairhmm::homopolypairhmm::tests::TestExtendGapParams,bio::stats::pairhmm::homopolypairhmm::tests::TestNoHopParams>
FNDA:9,{{closure}}<bio::stats::pairhmm::homopolypairhmm::tests::TestExtendGapParams,bio::stats::pairhmm::homopolypairhmm::tests::TestNoHopParams>
FNDA:9,{{closure}}<bio::stats::pairhmm::homopolypairhmm::tests::NoGapParams,bio::stats::pairhmm::homopolypairhmm::tests::TestHopParams>
FNDA:9,{{closure}}<bio::stats::pairhmm::homopolypairhmm::tests::TestSingleGapParams,bio::stats::pairhmm::homopolypairhmm::tests::TestNoHopParams>
FNDA:9,{{closure}}<bio::stats::pairhmm::homopolypairhmm::tests::TestExtendGapParams,bio::stats::pairhmm::homopolypairhmm::tests::TestNoHopParams>
FNDA:9,{{closure}}<bio::stats::pairhmm::homopolypairhmm::tests::TestSingleGapParams,bio::stats::pairhmm::homopolypairhmm::tests::TestNoHopParams>
FNDA:9,{{closure}}<bio::stats::pairhmm::homopolypairhmm::tests::TestExtendGapParams,bio::stats::pairhmm::homopolypairhmm::tests::TestNoHopParams>
FNDA:9,{{closure}}<bio::stats::pairhmm::homopolypairhmm::tests::TestExtendGapParams,bio::stats::pairhmm::homopolypairhmm::tests::TestNoHopParams>
FNDA:1,min3<usize>
FNDA:3,impossible_global_alignment
FNDA:3,test_hompolymer_run_in_y
FNDA:3,test_hompolymer_run_in_x
FNDA:3,test_interleave_gaps_x
FNDA:3,test_interleave_gaps_y
FNDA:3,test_same
FNDA:3,test_gap_x
FNDA:3,test_gap_x_2
FNDA:3,test_gap_y
FNDA:3,test_multigap_y
FNDA:3,test_mismatch
FNDA:3,test_banded
FNDA:3,test_phmm_vs_phhmm
FNDA:1,prob_emit_x_or_y
DA:106,1
DA:107,5
DA:108,3
DA:109,2
DA:110,2
DA:111,1
DA:112,1
DA:132,1
DA:133,1
DA:134,1
DA:135,1
DA:139,1
DA:140,1
DA:141,1
DA:142,1
DA:143,1
DA:144,1
DA:145,1
DA:149,1
DA:150,1
DA:184,3
DA:190,3
DA:201,1
DA:211,1
DA:212,1
DA:213,1
DA:214,1
DA:216,2
DA:217,2
DA:218,1
DA:219,0
DA:220,1
DA:221,2
DA:223,1
DA:225,4
DA:226,1
DA:229,2
DA:231,4
DA:232,1
DA:235,4
DA:236,1
DA:237,1
DA:238,3
DA:239,1
DA:241,2
DA:245,1
DA:246,1
DA:248,3
DA:249,1
DA:250,2
DA:252,2
DA:253,1
DA:254,1
DA:256,3
DA:257,2
DA:258,0
DA:261,0
DA:265,2
DA:266,1
DA:267,3
DA:268,3
DA:269,1
DA:270,1
DA:271,2
DA:274,1
DA:276,1
DA:277,2
DA:278,1
DA:279,2
DA:280,0
DA:281,3
DA:282,2
DA:283,1
DA:285,0
DA:288,2
DA:292,1
DA:293,1
DA:294,3
DA:295,0
DA:296,3
DA:297,1
DA:298,0
DA:301,3
DA:302,2
DA:303,1
DA:306,2
DA:307,1
DA:308,3
DA:309,0
DA:310,3
DA:311,1
DA:312,1
DA:314,0
DA:317,3
DA:318,2
DA:319,1
DA:323,1
DA:324,1
DA:325,1
DA:327,1
DA:330,1
DA:333,0
DA:335,0
DA:339,2
DA:343,3
DA:344,3
DA:345,3
DA:346,1
DA:348,1
DA:351,1
DA:352,3
DA:353,1
DA:356,1
DA:357,2
DA:360,2
DA:361,0
DA:362,3
DA:363,0
DA:368,2
DA:369,3
DA:370,0
DA:372,1
DA:459,3
DA:463,3
DA:465,3
DA:466,6
DA:467,3
DA:468,3
DA:470,3
DA:471,3
DA:472,3
DA:473,3
DA:475,9
DA:476,3
DA:478,9
DA:479,3
DA:481,9
DA:482,3
DA:484,9
DA:485,3
DA:487,9
DA:488,3
DA:490,9
DA:491,3
DA:494,3
DA:496,3
DA:498,9
DA:499,3
DA:501,9
DA:502,3
DA:505,9
DA:506,3
DA:508,9
DA:509,3
DA:511,9
DA:512,3
DA:514,9
DA:515,3
DA:517,3
DA:518,3
DA:527,1
DA:528,3
DA:529,1
DA:534,1
DA:535,1
DA:581,1
DA:582,1
DA:583,2
DA:584,1
DA:588,1
DA:589,1
DA:590,2
DA:591,1
DA:602,1
DA:603,3
DA:604,1
DA:606,2
DA:610,1
DA:611,1
DA:614,1
DA:615,1
DA:618,1
DA:619,1
DA:622,1
DA:623,1
DA:628,1
DA:629,1
DA:632,1
DA:633,1
DA:640,1
DA:641,0
DA:644,1
DA:645,0
DA:648,1
DA:649,1
DA:652,1
DA:653,1
DA:660,1
DA:661,1
DA:664,1
DA:665,1
DA:668,1
DA:669,1
DA:672,1
DA:673,1
DA:680,1
DA:681,1
DA:684,1
DA:685,1
DA:688,1
DA:689,0
DA:692,1
DA:693,0
DA:700,1
DA:701,1
DA:704,1
DA:705,1
DA:708,1
DA:709,1
DA:712,1
DA:713,1
DA:720,1
DA:721,0
DA:724,1
DA:725,0
DA:728,1
DA:729,0
DA:732,1
DA:733,0
DA:739,1
DA:741,1
DA:743,1
DA:747,3
DA:748,1
DA:749,1
DA:750,1
DA:752,1
DA:753,3
DA:754,1
DA:758,3
DA:759,1
DA:760,3
DA:761,1
DA:762,2
DA:765,1
DA:767,3
DA:769,9
DA:770,1
DA:771,1
DA:772,1
DA:773,1
DA:774,1
DA:775,1
DA:776,1
DA:777,1
DA:779,1
DA:780,2
DA:781,2
DA:786,3
DA:787,1
DA:788,3
DA:789,2
DA:793,1
DA:795,1
DA:797,2
DA:799,9
DA:800,1
DA:801,1
DA:802,1
DA:803,1
DA:804,1
DA:805,1
DA:806,1
DA:807,1
DA:809,1
DA:810,2
DA:811,2
DA:816,3
DA:817,1
DA:818,1
DA:820,1
DA:822,1
DA:823,3
DA:825,1
DA:826,1
DA:829,5
DA:830,1
DA:831,1
DA:832,1
DA:833,1
DA:836,1
DA:838,1
DA:839,2
DA:840,2
DA:841,2
DA:845,3
DA:846,1
DA:847,1
DA:849,1
DA:851,1
DA:852,3
DA:854,1
DA:855,1
DA:858,5
DA:859,1
DA:860,1
DA:861,1
DA:862,1
DA:865,1
DA:867,1
DA:868,2
DA:869,2
DA:870,2
DA:879,3
DA:880,1
DA:881,1
DA:882,1
DA:884,1
DA:885,3
DA:886,1
DA:887,1
DA:888,1
DA:889,1
DA:890,2
DA:891,2
DA:892,2
DA:896,3
DA:897,1
DA:898,1
DA:899,1
DA:901,1
DA:902,3
DA:904,1
DA:905,1
DA:908,5
DA:909,1
DA:910,1
DA:911,1
DA:912,1
DA:915,1
DA:916,1
DA:917,2
DA:918,2
DA:919,2
DA:923,3
DA:924,1
DA:925,1
DA:926,1
DA:928,1
DA:929,3
DA:931,1
DA:932,1
DA:935,5
DA:936,1
DA:937,1
DA:938,1
DA:939,1
DA:942,1
DA:943,1
DA:944,2
DA:945,2
DA:946,2
DA:950,3
DA:951,1
DA:952,1
DA:953,1
DA:955,1
DA:956,3
DA:958,1
DA:959,1
DA:962,5
DA:963,1
DA:964,1
DA:965,1
DA:966,1
DA:969,1
DA:971,1
DA:972,2
DA:973,2
DA:974,2
DA:978,3
DA:979,1
DA:980,1
DA:981,1
DA:983,1
DA:984,3
DA:985,1
DA:986,1
DA:988,6
DA:989,1
DA:990,1
DA:991,1
DA:992,1
DA:993,1
DA:996,1
DA:997,2
DA:1001,3
DA:1002,1
DA:1003,1
DA:1004,1
DA:1006,1
DA:1007,3
DA:1009,1
DA:1011,3
DA:1012,1
DA:1013,1
DA:1015,1
DA:1016,1
DA:1017,2
DA:1018,2
DA:1019,2
DA:1023,3
DA:1024,1
DA:1029,1
DA:1031,1
DA:1033,1
DA:1034,3
DA:1036,1
DA:1037,1
DA:1041,3
DA:1042,1
DA:1043,1
DA:1044,1
DA:1046,1
DA:1047,3
DA:1051,0
DA:1052,0
DA:1055,0
DA:1056,0
DA:1060,1
DA:1061,1
DA:1064,1
DA:1065,1
DA:1068,1
DA:1069,1
DA:1072,1
DA:1073,1
DA:1077,1
DA:1078,1
DA:1087,1
DA:1088,2
DA:1089,1
DA:1090,1
DA:1093,1
DA:1094,1
DA:1099,1
DA:1100,1
DA:1103,1
DA:1104,1
DA:1107,1
DA:1108,1
DA:1111,1
DA:1112,1
DA:1116,1
DA:1118,1
DA:1119,1
DA:1120,1
DA:1121,1
DA:1123,1
DA:1125,2
LF:460
LH:434
end_of_record
TN:
SF:/home/todd/rust-bio/src/stats/pairhmm/mod.rs
FNF:0
DA:163,2
DA:164,2
DA:165,2
DA:168,2
DA:186,1
DA:187,1
DA:188,2
DA:189,1
DA:193,1
DA:194,1
DA:195,2
DA:196,1
LF:12
LH:12
end_of_record
TN:
SF:/home/todd/rust-bio/src/stats/pairhmm/pairhmm.rs
FN:71,new<bio::stats::pairhmm::pairhmm::tests::TestSingleGapParams>
FN:297,prob_emit_x_or_y
FN:391,{{closure}}
FN:402,{{closure}}
FN:431,{{closure}}
FN:460,{{closure}}
FN:478,{{closure}}
FN:507,{{closure}}
FN:536,{{closure}}
FN:557,{{closure}}
FNF:10
FNDA:2,new<bio::stats::pairhmm::pairhmm::tests::TestSingleGapParams>
FNDA:1,prob_emit_x_or_y
FNDA:3,{{closure}}
FNDA:3,{{closure}}
FNDA:3,{{closure}}
FNDA:3,{{closure}}
FNDA:3,{{closure}}
FNDA:3,{{closure}}
FNDA:3,{{closure}}
FNDA:3,{{closure}}
DA:28,1
DA:29,2
DA:30,1
DA:32,2
DA:33,1
DA:35,1
DA:37,1
DA:40,1
DA:71,2
DA:76,4
DA:80,2
DA:81,2
DA:82,2
DA:83,2
DA:84,2
DA:85,2
DA:86,2
DA:87,2
DA:90,2
DA:91,6
DA:92,6
DA:93,6
DA:94,2
DA:106,2
DA:116,6
DA:117,2
DA:118,2
DA:119,2
DA:120,2
DA:121,2
DA:123,2
DA:124,2
DA:125,2
DA:126,2
DA:128,3
DA:129,2
DA:130,1
DA:134,2
DA:135,2
DA:136,4
DA:139,6
DA:141,2
DA:142,2
DA:143,1
DA:146,2
DA:149,2
DA:152,6
DA:153,2
DA:154,4
DA:156,4
DA:157,2
DA:158,2
DA:160,5
DA:161,1
DA:162,0
DA:163,1
DA:164,0
DA:167,0
DA:171,2
DA:172,4
DA:173,4
DA:174,4
DA:175,4
DA:176,4
DA:179,2
DA:180,4
DA:181,2
DA:182,2
DA:184,2
DA:186,2
DA:190,2
DA:191,2
DA:193,2
DA:195,2
DA:196,0
DA:198,0
DA:203,4
DA:204,2
DA:206,2
DA:208,2
DA:209,0
DA:211,0
DA:216,4
DA:218,1
DA:220,1
DA:223,1
DA:225,1
DA:227,0
DA:229,0
DA:233,2
DA:236,2
DA:239,2
DA:240,2
DA:241,2
DA:242,2
DA:243,1
DA:247,5
DA:251,1
DA:252,1
DA:254,1
DA:258,2
DA:260,6
DA:261,2
DA:265,4
DA:266,1
DA:268,2
DA:269,4
DA:270,2
DA:271,2
DA:276,4
DA:277,6
DA:278,0
DA:280,2
DA:297,1
DA:298,1
DA:307,1
DA:308,2
DA:309,1
DA:311,2
DA:315,1
DA:316,1
DA:319,1
DA:320,1
DA:323,1
DA:324,1
DA:327,1
DA:328,1
DA:335,1
DA:336,1
DA:339,1
DA:340,1
DA:343,1
DA:344,1
DA:347,1
DA:348,1
DA:353,0
DA:354,0
DA:357,0
DA:358,0
DA:368,1
DA:369,1
DA:370,2
DA:371,1
DA:375,1
DA:376,1
DA:377,2
DA:378,1
DA:391,3
DA:392,1
DA:393,1
DA:394,1
DA:396,1
DA:397,1
DA:398,2
DA:402,3
DA:403,1
DA:404,1
DA:406,1
DA:408,1
DA:409,1
DA:411,1
DA:412,1
DA:415,6
DA:416,1
DA:417,1
DA:418,1
DA:419,1
DA:422,1
DA:424,1
DA:425,2
DA:426,2
DA:427,2
DA:431,3
DA:432,1
DA:433,1
DA:435,1
DA:437,1
DA:438,1
DA:440,1
DA:441,1
DA:444,6
DA:445,1
DA:446,1
DA:447,1
DA:448,1
DA:451,1
DA:453,1
DA:454,2
DA:455,2
DA:456,2
DA:460,3
DA:461,1
DA:462,1
DA:464,1
DA:466,1
DA:467,1
DA:468,2
DA:469,1
DA:470,1
DA:471,1
DA:472,2
DA:473,2
DA:474,2
DA:478,3
DA:479,1
DA:480,1
DA:482,1
DA:484,1
DA:485,1
DA:487,1
DA:488,1
DA:491,6
DA:492,1
DA:493,1
DA:494,1
DA:495,1
DA:498,1
DA:500,1
DA:501,2
DA:502,2
DA:503,2
DA:507,3
DA:508,1
DA:509,1
DA:511,1
DA:513,1
DA:514,1
DA:516,1
DA:517,1
DA:520,6
DA:521,1
DA:522,1
DA:523,1
DA:524,1
DA:527,1
DA:529,1
DA:530,2
DA:531,2
DA:532,2
DA:536,3
DA:537,1
DA:538,1
DA:540,1
DA:542,1
DA:543,1
DA:545,2
DA:547,1
DA:549,1
DA:550,1
DA:551,2
DA:552,2
DA:553,2
DA:557,3
DA:558,1
DA:562,1
DA:564,1
DA:566,1
DA:567,1
DA:569,2
DA:571,1
LF:260
LH:246
end_of_record
TN:
SF:/home/todd/rust-bio/src/stats/probs/cdf.rs
FN:420,test_cdf
FNF:1
FNDA:3,test_cdf
DA:133,2
DA:154,1
DA:155,3
DA:156,1
DA:157,4
DA:158,3
DA:160,3
DA:161,1
DA:162,2
DA:163,1
DA:165,1
DA:166,1
DA:169,1
DA:172,4
DA:173,1
DA:176,0
DA:186,0
DA:188,0
DA:195,0
DA:196,0
DA:197,0
DA:198,0
DA:199,0
DA:200,0
DA:201,0
DA:215,1
DA:216,1
DA:217,3
DA:218,0
DA:220,2
DA:221,2
DA:222,2
DA:223,1
DA:229,0
DA:230,0
DA:237,0
DA:238,0
DA:242,1
DA:243,1
DA:247,1
DA:248,1
DA:249,1
DA:251,1
DA:262,1
DA:263,2
DA:264,0
DA:266,6
DA:267,3
DA:268,0
DA:269,0
DA:270,0
DA:272,0
DA:282,1
DA:283,2
DA:284,0
DA:286,5
DA:287,2
DA:288,1
DA:289,1
DA:291,0
DA:294,0
DA:295,0
DA:296,0
DA:298,0
DA:308,1
DA:309,3
DA:315,0
DA:316,0
DA:317,0
DA:318,0
DA:319,0
DA:322,0
DA:324,0
DA:336,1
DA:337,1
DA:339,2
DA:340,0
DA:343,1
DA:344,2
DA:345,1
DA:346,2
DA:347,0
DA:348,3
DA:349,2
DA:350,2
DA:351,0
DA:352,3
DA:353,2
DA:354,1
DA:355,0
DA:358,1
DA:364,0
DA:365,0
DA:371,0
DA:372,0
DA:383,0
DA:384,0
DA:385,0
DA:386,0
DA:392,0
DA:393,0
DA:394,0
DA:395,0
DA:396,0
DA:402,0
DA:403,0
DA:420,3
DA:421,1
DA:422,4
DA:423,1
DA:424,1
DA:425,1
DA:428,2
DA:430,1
DA:431,2
DA:432,3
DA:433,1
DA:435,2
DA:436,1
DA:437,2
DA:438,1
DA:442,2
DA:443,1
DA:444,2
DA:448,4
DA:449,1
DA:450,1
DA:451,1
DA:457,2
LF:129
LH:77
end_of_record
TN:
SF:/home/todd/rust-bio/src/stats/probs/mod.rs
FN:34,ln_1m_exp
FN:75,expecting
FN:80,checked
FN:126,expecting
FN:158,expecting
FN:173,is_valid
FN:179,ln_zero
FN:185,ln_one
FN:194,cap_numerical_overshoot
FN:211,ln_one_minus_exp
FN:216,ln_sum_exp
FN:237,{{closure}}
FN:252,ln_add_exp
FN:272,ln_sub_exp
FN:296,ln_cumsum_exp<core::iter::adapters::map::Map<alloc::vec::into_iter::IntoIter<usize, alloc::alloc::Global>, closure-1>>
FN:303,ln_trapezoidal_integrate_exp<f64,closure-0>
FN:323,ln_simpsons_integrate_exp<f64,closure-0>
FN:347,ln_trapezoidal_integrate_grid_exp<f64,closure-0>
FN:367,scan_ln_add_exp
FN:386,add_assign
FN:392,sub_assign
FN:398,from
FN:404,from
FN:410,from
FN:416,from
FN:422,from
FN:428,from
FN:434,from
FN:440,from
FN:446,default
FN:452,default
FN:458,zero
FN:462,is_zero
FN:468,zero
FN:472,is_zero
FN:478,zero
FN:482,is_zero
FN:493,{{closure}}
FN:499,{{closure}}
FN:504,{{closure}}
FN:518,{{closure}}
FN:535,{{closure}}
FN:541,{{closure}}
FN:542,{{closure}}
FN:548,{{closure}}
FN:550,{{closure}}
FN:556,{{closure}}
FN:557,{{closure}}
FN:563,{{closure}}
FN:575,{{closure}}
FN:581,{{closure}}
FN:589,{{closure}}
FNF:52
FNDA:1,ln_1m_exp
FNDA:0,expecting
FNDA:0,checked
FNDA:0,expecting
FNDA:0,expecting
FNDA:0,is_valid
FNDA:1,ln_zero
FNDA:1,ln_one
FNDA:1,cap_numerical_overshoot
FNDA:1,ln_one_minus_exp
FNDA:1,ln_sum_exp
FNDA:3,{{closure}}
FNDA:1,ln_add_exp
FNDA:1,ln_sub_exp
FNDA:2,ln_cumsum_exp<core::iter::adapters::map::Map<alloc::vec::into_iter::IntoIter<usize, alloc::alloc::Global>, closure-1>>
FNDA:1,ln_trapezoidal_integrate_exp<f64,closure-0>
FNDA:1,ln_simpsons_integrate_exp<f64,closure-0>
FNDA:1,ln_trapezoidal_integrate_grid_exp<f64,closure-0>
FNDA:1,scan_ln_add_exp
FNDA:0,add_assign
FNDA:0,sub_assign
FNDA:0,from
FNDA:0,from
FNDA:1,from
FNDA:0,from
FNDA:1,from
FNDA:0,from
FNDA:1,from
FNDA:0,from
FNDA:0,default
FNDA:0,default
FNDA:1,zero
FNDA:1,is_zero
FNDA:1,zero
FNDA:1,is_zero
FNDA:1,zero
FNDA:1,is_zero
FNDA:3,{{closure}}
FNDA:3,{{closure}}
FNDA:3,{{closure}}
FNDA:3,{{closure}}
FNDA:3,{{closure}}
FNDA:3,{{closure}}
FNDA:2,{{closure}}
FNDA:3,{{closure}}
FNDA:2,{{closure}}
FNDA:3,{{closure}}
FNDA:2,{{closure}}
FNDA:3,{{closure}}
FNDA:3,{{closure}}
FNDA:3,{{closure}}
FNDA:3,{{closure}}
DA:34,1
DA:35,1
DA:36,1
DA:37,1
DA:39,2
DA:75,0
DA:76,0
DA:80,0
DA:81,0
DA:82,0
DA:84,0
DA:126,0
DA:127,5
DA:158,0
DA:159,1
DA:173,0
DA:174,0
DA:179,1
DA:180,0
DA:185,1
DA:186,0
DA:194,1
DA:195,1
DA:196,1
DA:198,2
DA:199,1
DA:200,1
DA:202,1
DA:204,1
DA:211,1
DA:212,1
DA:216,1
DA:217,1
DA:218,1
DA:220,2
DA:221,1
DA:222,4
DA:223,1
DA:224,1
DA:225,1
DA:228,2
DA:229,1
DA:230,2
DA:231,0
DA:233,2
DA:234,3
DA:235,0
DA:236,0
DA:237,3
DA:238,2
DA:239,1
DA:241,2
DA:244,0
DA:245,0
DA:252,1
DA:253,1
DA:255,1
DA:257,1
DA:258,3
DA:259,1
DA:261,1
DA:262,0
DA:263,2
DA:264,0
DA:266,2
DA:272,1
DA:273,1
DA:274,1
DA:276,1
DA:277,1
DA:278,1
DA:281,2
DA:282,0
DA:283,2
DA:286,1
DA:287,2
DA:288,0
DA:290,2
DA:296,2
DA:297,4
DA:299,2
DA:303,1
DA:309,3
DA:313,3
DA:315,1
DA:316,1
DA:317,1
DA:319,1
DA:323,1
DA:329,1
DA:330,3
DA:334,3
DA:335,1
DA:336,2
DA:339,1
DA:340,1
DA:341,1
DA:343,1
DA:347,1
DA:353,3
DA:357,3
DA:358,1
DA:359,2
DA:360,1
DA:364,1
DA:367,1
DA:368,1
DA:369,1
DA:374,0
DA:375,0
DA:380,0
DA:381,0
DA:386,0
DA:387,0
DA:392,0
DA:393,0
DA:398,0
DA:399,0
DA:404,0
DA:405,0
DA:410,1
DA:411,1
DA:416,0
DA:417,0
DA:422,1
DA:423,1
DA:428,0
DA:429,0
DA:434,1
DA:435,1
DA:440,0
DA:441,0
DA:446,0
DA:447,0
DA:452,0
DA:453,0
DA:458,1
DA:462,1
DA:463,1
DA:468,1
DA:469,1
DA:472,1
DA:473,1
DA:478,1
DA:479,1
DA:482,1
DA:483,1
DA:493,3
DA:494,1
DA:495,1
DA:499,3
DA:500,1
DA:504,3
DA:505,2
DA:506,1
DA:507,2
DA:508,1
DA:510,1
DA:512,2
DA:513,2
DA:514,2
DA:518,3
DA:519,1
DA:520,1
DA:521,1
DA:523,1
DA:524,2
DA:525,1
DA:528,1
DA:529,2
DA:530,1
DA:535,3
DA:536,1
DA:537,2
DA:541,3
DA:542,2
DA:543,1
DA:544,1
DA:548,3
DA:549,1
DA:550,2
DA:551,2
DA:552,1
DA:556,3
DA:557,2
DA:558,1
DA:559,1
DA:563,3
DA:564,1
DA:565,1
DA:566,1
DA:567,1
DA:568,1
DA:569,1
DA:575,3
DA:576,1
DA:577,1
DA:581,3
DA:582,1
DA:583,1
DA:584,1
DA:589,3
DA:590,1
DA:591,2
DA:592,3
LF:205
LH:162
end_of_record
TN:
SF:/home/todd/rust-bio/src/utils/fastexp.rs
FN:33,fastexp
FN:67,{{closure}}
FNF:2
FNDA:1,fastexp
FNDA:3,{{closure}}
DA:33,1
DA:34,2
DA:35,1
DA:37,1
DA:39,1
DA:40,1
DA:41,1
DA:43,1
DA:44,2
DA:46,1
DA:47,1
DA:48,1
DA:49,1
DA:50,1
DA:51,1
DA:52,1
DA:53,1
DA:55,1
DA:57,1
DA:67,3
DA:68,1
DA:69,1
DA:70,1
DA:71,1
DA:72,1
DA:73,1
DA:74,1
DA:75,2
LF:28
LH:28
end_of_record
TN:
SF:/home/todd/rust-bio/src/utils/interval/mod.rs
FN:84,negative_width_range
FN:89,range_interval_conversions
FNF:2
FNDA:3,negative_width_range
FNDA:3,range_interval_conversions
DA:39,3
DA:40,4
DA:41,3
DA:43,1
DA:50,3
DA:51,3
DA:52,6
DA:53,2
DA:61,1
DA:62,1
DA:63,2
DA:64,0
DA:73,3
DA:74,0
DA:84,3
DA:85,1
DA:89,3
DA:90,1
DA:91,2
DA:93,2
DA:94,1
DA:95,2
DA:96,2
LF:23
LH:21
end_of_record
TN:
SF:/home/todd/rust-bio/src/utils/mod.rs
FN:18,scan<i32,closure-0>
FN:27,prescan<usize,closure-0>
FN:41,test_scan
FN:48,test_prescan
FNF:4
FNDA:1,scan<i32,closure-0>
FNDA:3,prescan<usize,closure-0>
FNDA:3,test_scan
FNDA:3,test_prescan
DA:18,1
DA:19,1
DA:20,4
DA:21,1
DA:22,1
DA:27,3
DA:28,3
DA:29,12
DA:30,3
DA:31,3
DA:32,3
DA:41,3
DA:42,1
DA:43,3
DA:44,1
DA:48,3
DA:49,1
DA:50,3
DA:51,1
LF:19
LH:19
end_of_record
TN:
SF:/home/todd/rust-bio/src/utils/text.rs
FN:7,trim_newline
FN:20,print_sequence<&u8,&[u8]>
FN:27,{{closure}}
FN:40,{{closure}}
FNF:4
FNDA:1,trim_newline
FNDA:3,print_sequence<&u8,&[u8]>
FNDA:3,{{closure}}
FNDA:3,{{closure}}
DA:7,1
DA:8,2
DA:9,1
DA:20,3
DA:21,9
DA:22,6
DA:27,3
DA:28,1
DA:30,1
DA:32,1
DA:34,1
DA:36,1
DA:40,3
DA:41,1
DA:42,1
DA:43,2
LF:16
LH:16
end_of_record
TN:
SF:/home/todd/rust-bio/tests/data_structures/rank_select.rs
FN:29,push<bool>
FN:37,select<bool>
FN:50,push<bool>
FN:63,get_rank<bool>
FN:68,{{closure}}<bool>
FNF:5
FNDA:1,push<bool>
FNDA:1,select<bool>
FNDA:1,push<bool>
FNDA:1,get_rank<bool>
FNDA:3,{{closure}}<bool>
DA:29,1
DA:30,2
DA:31,0
DA:32,0
DA:33,1
DA:34,1
DA:37,1
DA:38,1
DA:39,3
DA:40,2
DA:41,1
DA:45,1
DA:50,1
DA:51,3
DA:52,1
DA:53,2
DA:54,2
DA:56,1
DA:57,1
DA:58,1
DA:60,2
DA:63,1
DA:64,3
DA:65,2
DA:66,0
DA:67,0
DA:68,3
DA:70,1
DA:72,1
DA:77,2
DA:79,2
DA:82,1
DA:83,1
DA:84,5
DA:85,1
DA:86,1
DA:88,1
DA:89,4
DA:90,1
DA:91,2
DA:96,2
DA:99,1
DA:100,1
DA:101,5
DA:102,1
DA:103,1
DA:105,1
DA:106,4
DA:107,1
DA:108,2
LF:50
LH:46
end_of_record
